Removed Pin From Net: NetName=GND Pin=P10-1
Removed Pin From Net: NetName=E_RST Pin=P10-2
Removed Pin From Net: NetName=VCC3V3 Pin=P10-5
Removed Pin From Net: NetName=VCC3V3 Pin=R50-1
Removed Pin From Net: NetName=E_RST Pin=R50-2
Removed Pin From Net: NetName=NetLED3_1 Pin=R51-1
Removed Pin From Net: NetName=VCC3V3 Pin=R51-2
Removed Pin From Net: NetName=NetLED2_1 Pin=R52-1
Removed Pin From Net: NetName=VCC3V3 Pin=R52-2
Removed Pin From Net: NetName=E_LINK Pin=R53-1
Removed Pin From Net: NetName=VCC3V3 Pin=R53-2
Removed Pin From Net: NetName=STATUS Pin=R54-1
Removed Pin From Net: NetName=VCC3V3 Pin=R54-2
Removed Pin From Net: NetName=BOOT Pin=R55-1
Removed Pin From Net: NetName=VCC3V3 Pin=R55-2
Removed Pin From Net: NetName=STATUS Pin=R56-1
Removed Pin From Net: NetName=GND Pin=R56-2
Removed Pin From Net: NetName=BOOT Pin=R57-1
Removed Pin From Net: NetName=GND Pin=R57-2
Removed Pin From Net: NetName=E_LINK Pin=U10-9
Removed Pin From Net: NetName=VCC3V3 Pin=U10-10
Removed Pin From Net: NetName=E_RST Pin=U10-13
Removed Pin From Net: NetName=GND Pin=U10-20
Removed Pin From Net: NetName=GND Pin=U10-21
Removed Pin From Net: NetName=TX3 Pin=U10-29
Removed Pin From Net: NetName=RX3 Pin=U10-30
Removed Pin From Net: NetName=NetLED3_2 Pin=U10-31
Removed Pin From Net: NetName=NetLED2_2 Pin=U10-33
Removed Pin From Net: NetName=BOOT Pin=U10-36
Removed Pin From Net: NetName=STATUS Pin=U10-37
Removed Pin From Net: NetName=VCC3V3 Pin=U10-39
Removed Pin From Net: NetName=VCC3V3 Pin=U10-40
Removed Member From Class: ClassName=U_Intelligent_Agriculture_Wifi Member=P10
Removed Member From Class: ClassName=U_Intelligent_Agriculture_Wifi Member=R50
Removed Member From Class: ClassName=U_Intelligent_Agriculture_Wifi Member=R51
Removed Member From Class: ClassName=U_Intelligent_Agriculture_Wifi Member=R52
Removed Member From Class: ClassName=U_Intelligent_Agriculture_Wifi Member=R53
Removed Member From Class: ClassName=U_Intelligent_Agriculture_Wifi Member=R54
Removed Member From Class: ClassName=U_Intelligent_Agriculture_Wifi Member=R55
Removed Member From Class: ClassName=U_Intelligent_Agriculture_Wifi Member=R56
Removed Member From Class: ClassName=U_Intelligent_Agriculture_Wifi Member=R57
Removed Member From Class: ClassName=U_Intelligent_Agriculture_Wifi Member=U10
Added Component: Designator=P8(HDR5_A1)
Added Component: Designator=R3(0805-1)
Added Component: Designator=R5(0805-1)
Added Component: Designator=R6(0805-1)
Added Component: Designator=R8(0805-1)
Added Component: Designator=R9(0805-1)
Added Component: Designator=R10(0805-1)
Added Component: Designator=R11(0805-1)
Added Component: Designator=R12(0805-1)
Added Component: Designator=U6(EMW3165)
Added Pin To Net: NetName=GND Pin=P8-1
Added Pin To Net: NetName=E_RST Pin=P8-2
Added Pin To Net: NetName=VCC3V3 Pin=P8-5
Added Pin To Net: NetName=STATUS Pin=R3-1
Added Pin To Net: NetName=VCC3V3 Pin=R3-2
Added Pin To Net: NetName=STATUS Pin=R5-1
Added Pin To Net: NetName=GND Pin=R5-2
Added Pin To Net: NetName=BOOT Pin=R6-1
Added Pin To Net: NetName=VCC3V3 Pin=R6-2
Added Pin To Net: NetName=NetLED2_1 Pin=R8-1
Added Pin To Net: NetName=VCC3V3 Pin=R8-2
Added Pin To Net: NetName=NetLED3_1 Pin=R9-1
Added Pin To Net: NetName=VCC3V3 Pin=R9-2
Added Pin To Net: NetName=BOOT Pin=R10-1
Added Pin To Net: NetName=GND Pin=R10-2
Added Pin To Net: NetName=VCC3V3 Pin=R11-1
Added Pin To Net: NetName=E_RST Pin=R11-2
Added Pin To Net: NetName=E_LINK Pin=R12-1
Added Pin To Net: NetName=VCC3V3 Pin=R12-2
Added Pin To Net: NetName=E_LINK Pin=U6-9
Added Pin To Net: NetName=VCC3V3 Pin=U6-10
Added Pin To Net: NetName=E_RST Pin=U6-13
Added Pin To Net: NetName=GND Pin=U6-20
Added Pin To Net: NetName=GND Pin=U6-21
Added Pin To Net: NetName=TX3 Pin=U6-29
Added Pin To Net: NetName=RX3 Pin=U6-30
Added Pin To Net: NetName=NetLED3_2 Pin=U6-31
Added Pin To Net: NetName=NetLED2_2 Pin=U6-33
Added Pin To Net: NetName=BOOT Pin=U6-36
Added Pin To Net: NetName=STATUS Pin=U6-37
Added Pin To Net: NetName=VCC3V3 Pin=U6-39
Added Pin To Net: NetName=VCC3V3 Pin=U6-40
Added Pin To Net: NetName=NetP8_3 Pin=P8-3
Added Pin To Net: NetName=NetP8_3 Pin=U6-25
Added Net: Name=NetP8_3
Added Pin To Net: NetName=NetP8_4 Pin=P8-4
Added Pin To Net: NetName=NetP8_4 Pin=U6-26
Added Net: Name=NetP8_4
Added Member To Class: ClassName=U_Intelligent_Agriculture_Wifi Member=Component P8 Header 5
Added Member To Class: ClassName=U_Intelligent_Agriculture_Wifi Member=Component R3 Res1
Added Member To Class: ClassName=U_Intelligent_Agriculture_Wifi Member=Component R5 Res1
Added Member To Class: ClassName=U_Intelligent_Agriculture_Wifi Member=Component R6 Res1
Added Member To Class: ClassName=U_Intelligent_Agriculture_Wifi Member=Component R8 Res1
Added Member To Class: ClassName=U_Intelligent_Agriculture_Wifi Member=Component R9 Res1
Added Member To Class: ClassName=U_Intelligent_Agriculture_Wifi Member=Component R10 Res1
Added Member To Class: ClassName=U_Intelligent_Agriculture_Wifi Member=Component R11 Res1
Added Member To Class: ClassName=U_Intelligent_Agriculture_Wifi Member=Component R12 Res1
Added Member To Class: ClassName=U_Intelligent_Agriculture_Wifi Member=Component U6 EMW3165
Added Room: Name=U_Intelligent_Agriculture
Added Room: Name=U_Intelligent_Agriculture_Wifi
