Removed Pin From Net: NetName=VCC12V Pin=C1-1
Removed Pin From Net: NetName=GND Pin=C1-2
Removed Pin From Net: NetName=VCC5V Pin=C4-1
Removed Pin From Net: NetName=GND Pin=C4-2
Removed Pin From Net: NetName=VCC5V Pin=C5-1
Removed Pin From Net: NetName=GND Pin=C5-2
Removed Pin From Net: NetName=VCC3V3 Pin=C7-1
Removed Pin From Net: NetName=GND Pin=C7-2
Removed Pin From Net: NetName=NRST Pin=C8-1
Removed Pin From Net: NetName=GND Pin=C8-2
Removed Pin From Net: NetName=OSC32_IN Pin=C9-1
Removed Pin From Net: NetName=GND Pin=C9-2
Removed Pin From Net: NetName=OSC32_OUT Pin=C10-1
Removed Pin From Net: NetName=GND Pin=C10-2
Removed Pin From Net: NetName=OSC_IN Pin=C11-1
Removed Pin From Net: NetName=GND Pin=C11-2
Removed Pin From Net: NetName=OSC_OUT Pin=C12-1
Removed Pin From Net: NetName=GND Pin=C12-2
Removed Pin From Net: NetName=VCC3V3 Pin=C13-1
Removed Pin From Net: NetName=GND Pin=C13-2
Removed Pin From Net: NetName=VCC3V3 Pin=C14-1
Removed Pin From Net: NetName=GND Pin=C14-2
Removed Pin From Net: NetName=VCC3V3 Pin=C15-1
Removed Pin From Net: NetName=GND Pin=C15-2
Removed Pin From Net: NetName=VCC3V3 Pin=C16-1
Removed Pin From Net: NetName=GND Pin=C16-2
Removed Pin From Net: NetName=NetC17_1 Pin=C18-1
Removed Pin From Net: NetName=GND Pin=C18-2
Removed Pin From Net: NetName=GND Pin=C19-1
Removed Pin From Net: NetName=PA0 Pin=C19-2
Removed Pin From Net: NetName=GND Pin=C20-1
Removed Pin From Net: NetName=PA1 Pin=C20-2
Removed Pin From Net: NetName=GND Pin=C21-1
Removed Pin From Net: NetName=PA2 Pin=C21-2
Removed Pin From Net: NetName=E_RST Pin=C24-1
Removed Pin From Net: NetName=GND Pin=C24-2
Removed Pin From Net: NetName=E_LINK Pin=C25-1
Removed Pin From Net: NetName=GND Pin=C25-2
Change Component DesignItemId : Designator=BT1 Old DesignItemId=Batt New DesignItemId=Battery
Change Component DesignItemId : Designator=Q6 Old DesignItemId=BCP New DesignItemId=BCP68
Change Component DesignItemId : Designator=C3 Old DesignItemId=Cap P New DesignItemId=C
Change Component DesignItemId : Designator=C6 Old DesignItemId=Cap P New DesignItemId=C
Change Component DesignItemId : Designator=C17 Old DesignItemId=Cap P New DesignItemId=C
Change Component DesignItemId : Designator=C2 Old DesignItemId=Cap P New DesignItemId=Cap Pol1
Change Component DesignItemId : Designator=C22 Old DesignItemId=Cap P New DesignItemId=Cap Pol1
Change Component DesignItemId : Designator=D01 Old DesignItemId=Dio New DesignItemId=Diode
Change Component DesignItemId : Designator=D02 Old DesignItemId=Dio New DesignItemId=Diode
Change Component DesignItemId : Designator=D3 Old DesignItemId=Dio New DesignItemId=Diode
Change Component DesignItemId : Designator=D4 Old DesignItemId=Dio New DesignItemId=Diode
Change Component DesignItemId : Designator=U6 Old DesignItemId=EM New DesignItemId=E
Change Component DesignItemId : Designator=P8 Old DesignItemId=Header 5 New DesignItemId=Header
Change Component DesignItemId : Designator=JMP0 Old DesignItemId=Header New DesignItemId=He
Change Component DesignItemId : Designator=P0 Old DesignItemId=Header New DesignItemId=He
Change Component DesignItemId : Designator=P1 Old DesignItemId=Header New DesignItemId=He
Change Component DesignItemId : Designator=P2 Old DesignItemId=Header New DesignItemId=He
Change Component DesignItemId : Designator=P3 Old DesignItemId=Header New DesignItemId=He
Change Component DesignItemId : Designator=P4 Old DesignItemId=Header New DesignItemId=He
Change Component DesignItemId : Designator=P5 Old DesignItemId=Header New DesignItemId=He
Change Component DesignItemId : Designator=P7 Old DesignItemId=Header New DesignItemId=He
Change Component DesignItemId : Designator=CON1 Old DesignItemId=LCD_CON New DesignItemId=LCD
Change Component DesignItemId : Designator=P6 Old DesignItemId=LCDLEDA New DesignItemId=LCDLE
Change Component DesignItemId : Designator=U3 Old DesignItemId=LM78 New DesignItemId=LM78M05
Change Component DesignItemId : Designator=R3 Old DesignItemId=Res1 New DesignItemId=R
Change Component DesignItemId : Designator=R5 Old DesignItemId=Res1 New DesignItemId=R
Change Component DesignItemId : Designator=R6 Old DesignItemId=Res1 New DesignItemId=R
Change Component DesignItemId : Designator=R8 Old DesignItemId=Res1 New DesignItemId=R
Change Component DesignItemId : Designator=R9 Old DesignItemId=Res1 New DesignItemId=R
Change Component DesignItemId : Designator=R10 Old DesignItemId=Res1 New DesignItemId=R
Change Component DesignItemId : Designator=R11 Old DesignItemId=Res1 New DesignItemId=R
Change Component DesignItemId : Designator=R12 Old DesignItemId=Res1 New DesignItemId=R
Change Component DesignItemId : Designator=U2 Old DesignItemId=SPX1117M3- New DesignItemId=SPX1
Change Component DesignItemId : Designator=U1 Old DesignItemId=STM32F New DesignItemId=STM32F103C
Change Component DesignItemId : Designator=S11 Old DesignItemId=SW- New DesignItemId=SW-PB2
Change Component DesignItemId : Designator=S12 Old DesignItemId=SW- New DesignItemId=SW-PB2
Change Component DesignItemId : Designator=Y2 Old DesignItemId=XTA New DesignItemId=X
Change Component DesignItemId : Designator=Y1 Old DesignItemId=XTAL New DesignItemId=XTAL_SM
Change Component Comment : Designator=C22 Old Comment=Cap Pol New Comment=Cap Pol1
Change Component Description : Designator=U2 Old Description=3.3V稳压 New Description=3.3V稳压芯片
Change Component Description : Designator=U3 Old Description=5V稳压 New Description=5V稳压芯片
Change Component Description : Designator=P6 Old Description=LCD12864框? New Description=LCD12864框架
Change Component Description : Designator=CON1 Old Description=LCD接? New Description=LCD接插件
Change Component Description : Designator=Q6 Old Description=NPN三? New Description=NPN三极管
Change Component Description : Designator=D01 Old Description=二? New Description=二极管
Change Component Description : Designator=D02 Old Description=二? New Description=二极管
Change Component Description : Designator=D3 Old Description=二? New Description=二极管
Change Component Description : Designator=D4 Old Description=二? New Description=二极管
Change Component Description : Designator=LED1 Old Description=发光 New Description=发光二极管
Change Component Description : Designator=LED2 Old Description=发光 New Description=发光二极管
Change Component Description : Designator=LED3 Old Description=发光 New Description=发光二极管
Change Component Description : Designator=Y1 Old Description=圆柱 New Description=圆柱晶振
Change Component Description : Designator=BT1 Old Description=备份 New Description=备份电池
Change Component Description : Designator=S1 Old Description=微动 New Description=微动开关
Change Component Description : Designator=S2 Old Description=微动 New Description=微动开关
Change Component Description : Designator=S3 Old Description=微动 New Description=微动开关
Change Component Description : Designator=S4 Old Description=微动 New Description=微动开关
Change Component Description : Designator=S5 Old Description=微动 New Description=微动开关
Change Component Description : Designator=S6 Old Description=微动 New Description=微动开关
Change Component Description : Designator=S7 Old Description=微动 New Description=微动开关
Change Component Description : Designator=S8 Old Description=微动 New Description=微动开关
Change Component Description : Designator=S9 Old Description=微动 New Description=微动开关
Change Component Description : Designator=S10 Old Description=微动 New Description=微动开关
Change Component Description : Designator=S11 Old Description=微动 New Description=微动开关
Change Component Description : Designator=S12 Old Description=微动 New Description=微动开关
Change Component Description : Designator=P8 Old Description=接? New Description=接插件
Change Component Description : Designator=C1 Old Description=无极 New Description=无极性电容
Change Component Description : Designator=C1_lcd Old Description=无极 New Description=无极性电容
Change Component Description : Designator=C2_lcd Old Description=无极 New Description=无极性电容
Change Component Description : Designator=C4 Old Description=无极 New Description=无极性电容
Change Component Description : Designator=C5 Old Description=无极 New Description=无极性电容
Change Component Description : Designator=C7 Old Description=无极 New Description=无极性电容
Change Component Description : Designator=C8 Old Description=无极 New Description=无极性电容
Change Component Description : Designator=C9 Old Description=无极 New Description=无极性电容
Change Component Description : Designator=C10 Old Description=无极 New Description=无极性电容
Change Component Description : Designator=C11 Old Description=无极 New Description=无极性电容
Change Component Description : Designator=C12 Old Description=无极 New Description=无极性电容
Change Component Description : Designator=C13 Old Description=无极 New Description=无极性电容
Change Component Description : Designator=C14 Old Description=无极 New Description=无极性电容
Change Component Description : Designator=C15 Old Description=无极 New Description=无极性电容
Change Component Description : Designator=C16 Old Description=无极 New Description=无极性电容
Change Component Description : Designator=C18 Old Description=无极 New Description=无极性电容
Change Component Description : Designator=C19 Old Description=无极 New Description=无极性电容
Change Component Description : Designator=C20 Old Description=无极 New Description=无极性电容
Change Component Description : Designator=C21 Old Description=无极 New Description=无极性电容
Change Component Description : Designator=C23 Old Description=无极 New Description=无极性电容
Change Component Description : Designator=C24 Old Description=无极 New Description=无极性电容
Change Component Description : Designator=C25 Old Description=无极 New Description=无极性电容
Change Component Description : Designator=Y2 Old Description=晶? New Description=晶振
Change Component Description : Designator=U5 Old Description=温度 New Description=温度传感器
Change Component Description : Designator=C2 Old Description=电解 New Description=电解电容
Change Component Description : Designator=U4 Old Description=红外 New Description=红外接收器
Change Component Description : Designator=R1 Old Description=贴片 New Description=贴片电阻
Change Component Description : Designator=R2 Old Description=贴片 New Description=贴片电阻
Change Component Description : Designator=R3 Old Description=贴片 New Description=贴片电阻
Change Component Description : Designator=R4 Old Description=贴片 New Description=贴片电阻
Change Component Description : Designator=R5 Old Description=贴片 New Description=贴片电阻
Change Component Description : Designator=R6 Old Description=贴片 New Description=贴片电阻
Change Component Description : Designator=R7 Old Description=贴片 New Description=贴片电阻
Change Component Description : Designator=R8 Old Description=贴片 New Description=贴片电阻
Change Component Description : Designator=R9 Old Description=贴片 New Description=贴片电阻
Change Component Description : Designator=R10 Old Description=贴片 New Description=贴片电阻
Change Component Description : Designator=R11 Old Description=贴片 New Description=贴片电阻
Change Component Description : Designator=R12 Old Description=贴片 New Description=贴片电阻
Change Component Description : Designator=R20 Old Description=贴片 New Description=贴片电阻
Change Component Description : Designator=R23 Old Description=贴片 New Description=贴片电阻
Change Component Description : Designator=R24 Old Description=贴片 New Description=贴片电阻
Change Component Description : Designator=R25 Old Description=贴片 New Description=贴片电阻
Change Component Description : Designator=R26 Old Description=贴片 New Description=贴片电阻
Change Component Description : Designator=R27 Old Description=贴片 New Description=贴片电阻
Change Component Description : Designator=R28 Old Description=贴片 New Description=贴片电阻
Change Component Description : Designator=R29 Old Description=贴片 New Description=贴片电阻
Change Component Description : Designator=C22 Old Description=钽? New Description=电解电容
Change Component Description : Designator=C3 Old Description=钽? New Description=钽电容
Change Component Description : Designator=C6 Old Description=钽? New Description=钽电容
Change Component Description : Designator=C17 Old Description=钽? New Description=钽电容
Change Component Library : Designator=C1 Old Library=fszhang.SchLib New Library=Intelligent_Agriculture_Lib.IntLib
Change Component Library : Designator=C4 Old Library=fszhang.SchLib New Library=Intelligent_Agriculture_Lib.IntLib
Change Component Library : Designator=C5 Old Library=fszhang.SchLib New Library=Intelligent_Agriculture_Lib.IntLib
Change Component Library : Designator=C7 Old Library=fszhang.SchLib New Library=Intelligent_Agriculture_Lib.IntLib
Change Component Library : Designator=C8 Old Library=fszhang.SchLib New Library=Intelligent_Agriculture_Lib.IntLib
Change Component Library : Designator=C9 Old Library=fszhang.SchLib New Library=Intelligent_Agriculture_Lib.IntLib
Change Component Library : Designator=C10 Old Library=fszhang.SchLib New Library=Intelligent_Agriculture_Lib.IntLib
Change Component Library : Designator=C11 Old Library=fszhang.SchLib New Library=Intelligent_Agriculture_Lib.IntLib
Change Component Library : Designator=C12 Old Library=fszhang.SchLib New Library=Intelligent_Agriculture_Lib.IntLib
Change Component Library : Designator=C13 Old Library=fszhang.SchLib New Library=Intelligent_Agriculture_Lib.IntLib
Change Component Library : Designator=C14 Old Library=fszhang.SchLib New Library=Intelligent_Agriculture_Lib.IntLib
Change Component Library : Designator=C15 Old Library=fszhang.SchLib New Library=Intelligent_Agriculture_Lib.IntLib
Change Component Library : Designator=C16 Old Library=fszhang.SchLib New Library=Intelligent_Agriculture_Lib.IntLib
Change Component Library : Designator=C18 Old Library=fszhang.SchLib New Library=Intelligent_Agriculture_Lib.IntLib
Change Component Library : Designator=C19 Old Library=fszhang.SchLib New Library=Intelligent_Agriculture_Lib.IntLib
Change Component Library : Designator=C20 Old Library=fszhang.SchLib New Library=Intelligent_Agriculture_Lib.IntLib
Change Component Library : Designator=C21 Old Library=fszhang.SchLib New Library=Intelligent_Agriculture_Lib.IntLib
Change Component Library : Designator=C22 Old Library=fszhang.SchLib New Library=Intelligent_Agriculture_Lib.IntLib
Change Component Library : Designator=C23 Old Library=fszhang.SchLib New Library=Intelligent_Agriculture_Lib.IntLib
Change Component Library : Designator=C24 Old Library=fszhang.SchLib New Library=Intelligent_Agriculture_Lib.IntLib
Change Component Library : Designator=C25 Old Library=fszhang.SchLib New Library=Intelligent_Agriculture_Lib.IntLib
Change Component Library : Designator=LED1 Old Library=fszhang.SchLib New Library=Intelligent_Agriculture_Lib.IntLib
Change Component Library : Designator=LED2 Old Library=fszhang.SchLib New Library=Intelligent_Agriculture_Lib.IntLib
Change Component Library : Designator=LED3 Old Library=fszhang.SchLib New Library=Intelligent_Agriculture_Lib.IntLib
Added Pin To Net: NetName=GND Pin=C1-1
Added Pin To Net: NetName=VCC12V Pin=C1-2
Added Pin To Net: NetName=GND Pin=C4-1
Added Pin To Net: NetName=VCC5V Pin=C4-2
Added Pin To Net: NetName=GND Pin=C5-1
Added Pin To Net: NetName=VCC5V Pin=C5-2
Added Pin To Net: NetName=GND Pin=C7-1
Added Pin To Net: NetName=VCC3V3 Pin=C7-2
Added Pin To Net: NetName=GND Pin=C8-1
Added Pin To Net: NetName=NRST Pin=C8-2
Added Pin To Net: NetName=GND Pin=C9-1
Added Pin To Net: NetName=OSC32_IN Pin=C9-2
Added Pin To Net: NetName=GND Pin=C10-1
Added Pin To Net: NetName=OSC32_OUT Pin=C10-2
Added Pin To Net: NetName=GND Pin=C11-1
Added Pin To Net: NetName=OSC_IN Pin=C11-2
Added Pin To Net: NetName=GND Pin=C12-1
Added Pin To Net: NetName=OSC_OUT Pin=C12-2
Added Pin To Net: NetName=GND Pin=C13-1
Added Pin To Net: NetName=VCC3V3 Pin=C13-2
Added Pin To Net: NetName=GND Pin=C14-1
Added Pin To Net: NetName=VCC3V3 Pin=C14-2
Added Pin To Net: NetName=GND Pin=C15-1
Added Pin To Net: NetName=VCC3V3 Pin=C15-2
Added Pin To Net: NetName=GND Pin=C16-1
Added Pin To Net: NetName=VCC3V3 Pin=C16-2
Added Pin To Net: NetName=GND Pin=C18-1
Added Pin To Net: NetName=NetC17_1 Pin=C18-2
Added Pin To Net: NetName=PA0 Pin=C19-1
Added Pin To Net: NetName=GND Pin=C19-2
Added Pin To Net: NetName=PA1 Pin=C20-1
Added Pin To Net: NetName=GND Pin=C20-2
Added Pin To Net: NetName=PA2 Pin=C21-1
Added Pin To Net: NetName=GND Pin=C21-2
Added Pin To Net: NetName=GND Pin=C24-1
Added Pin To Net: NetName=E_RST Pin=C24-2
Added Pin To Net: NetName=GND Pin=C25-1
Added Pin To Net: NetName=E_LINK Pin=C25-2
Added Room: Name=U_Intelligent_Agriculture
Added Room: Name=U_Intelligent_Agriculture_Wifi
