Removed Pin From Net: NetName=GND Pin=C26-1
Removed Pin From Net: NetName=GND Pin=C27-1
Removed Pin From Net: NetName=STATUS Pin=P11-2
Removed Pin From Net: NetName=BOOT Pin=P12-2
Removed Member From Class: ClassName=U_Intelligent_Agriculture_Wifi Member=C26
Removed Member From Class: ClassName=U_Intelligent_Agriculture_Wifi Member=C27
Removed Member From Class: ClassName=U_Intelligent_Agriculture_Wifi Member=P11
Removed Member From Class: ClassName=U_Intelligent_Agriculture_Wifi Member=P12
Change Component DesignItemId : Designator=C22 Old DesignItemId=Cap Pol New DesignItemId=Cap P
Change Component DesignItemId : Designator=U10 Old DesignItemId=EMW New DesignItemId=EM
Change Component DesignItemId : Designator=P10 Old DesignItemId=He New DesignItemId=Header 5
Change Component DesignItemId : Designator=R50 Old DesignItemId=R New DesignItemId=Res1
Change Component DesignItemId : Designator=R51 Old DesignItemId=R New DesignItemId=Res1
Change Component DesignItemId : Designator=R52 Old DesignItemId=R New DesignItemId=Res1
Change Component DesignItemId : Designator=R53 Old DesignItemId=R New DesignItemId=Res1
Change Component DesignItemId : Designator=R54 Old DesignItemId=R New DesignItemId=Res1
Change Component DesignItemId : Designator=R55 Old DesignItemId=R New DesignItemId=Res1
Change Component DesignItemId : Designator=R56 Old DesignItemId=R New DesignItemId=Res1
Change Component DesignItemId : Designator=R57 Old DesignItemId=R New DesignItemId=Res1
Change Component DesignItemId : Designator=S11 Old DesignItemId=SW-PB2 New DesignItemId=SW-
Change Component DesignItemId : Designator=S12 Old DesignItemId=SW-PB2 New DesignItemId=SW-
Change Component Description : Designator=U2 Old Description=3.3V稳压? New Description=3.3V稳压芯片
Change Component Description : Designator=U3 Old Description=5V稳压? New Description=5V稳压芯片
Change Component Description : Designator=P6 Old Description=LCD12864框? New Description=LCD12864框架
Change Component Description : Designator=CON1 Old Description=LCD接插 New Description=LCD接插件
Change Component Description : Designator=Q6 Old Description=NPN三极 New Description=NPN三极管
Change Component Description : Designator=D01 Old Description=二极 New Description=二极管
Change Component Description : Designator=D02 Old Description=二极 New Description=二极管
Change Component Description : Designator=D3 Old Description=二极 New Description=二极管
Change Component Description : Designator=D4 Old Description=二极 New Description=二极管
Change Component Description : Designator=LED1 Old Description=发光二 New Description=发光二极管
Change Component Description : Designator=LED2 Old Description=发光二 New Description=发光二极管
Change Component Description : Designator=LED3 Old Description=发光二 New Description=发光二极管
Change Component Description : Designator=Y1 Old Description=圆柱? New Description=圆柱晶振
Change Component Description : Designator=BT1 Old Description=备份? New Description=备份电池
Change Component Description : Designator=S1 Old Description=微动? New Description=微动开关
Change Component Description : Designator=S2 Old Description=微动? New Description=微动开关
Change Component Description : Designator=S3 Old Description=微动? New Description=微动开关
Change Component Description : Designator=S4 Old Description=微动? New Description=微动开关
Change Component Description : Designator=S5 Old Description=微动? New Description=微动开关
Change Component Description : Designator=S6 Old Description=微动? New Description=微动开关
Change Component Description : Designator=S7 Old Description=微动? New Description=微动开关
Change Component Description : Designator=S8 Old Description=微动? New Description=微动开关
Change Component Description : Designator=S9 Old Description=微动? New Description=微动开关
Change Component Description : Designator=S10 Old Description=微动? New Description=微动开关
Change Component Description : Designator=S11 Old Description=微动? New Description=微动开关
Change Component Description : Designator=S12 Old Description=微动? New Description=微动开关
Change Component Description : Designator=P10 Old Description=接插 New Description=接插件
Change Component Description : Designator=C1 Old Description=无极性 New Description=无极性电容
Change Component Description : Designator=C1_lcd Old Description=无极性 New Description=无极性电容
Change Component Description : Designator=C2_lcd Old Description=无极性 New Description=无极性电容
Change Component Description : Designator=C4 Old Description=无极性 New Description=无极性电容
Change Component Description : Designator=C5 Old Description=无极性 New Description=无极性电容
Change Component Description : Designator=C7 Old Description=无极性 New Description=无极性电容
Change Component Description : Designator=C8 Old Description=无极性 New Description=无极性电容
Change Component Description : Designator=C9 Old Description=无极性 New Description=无极性电容
Change Component Description : Designator=C10 Old Description=无极性 New Description=无极性电容
Change Component Description : Designator=C11 Old Description=无极性 New Description=无极性电容
Change Component Description : Designator=C12 Old Description=无极性 New Description=无极性电容
Change Component Description : Designator=C13 Old Description=无极性 New Description=无极性电容
Change Component Description : Designator=C14 Old Description=无极性 New Description=无极性电容
Change Component Description : Designator=C15 Old Description=无极性 New Description=无极性电容
Change Component Description : Designator=C16 Old Description=无极性 New Description=无极性电容
Change Component Description : Designator=C18 Old Description=无极性 New Description=无极性电容
Change Component Description : Designator=C19 Old Description=无极性 New Description=无极性电容
Change Component Description : Designator=C20 Old Description=无极性 New Description=无极性电容
Change Component Description : Designator=C21 Old Description=无极性 New Description=无极性电容
Change Component Description : Designator=C23 Old Description=无极性 New Description=无极性电容
Change Component Description : Designator=C24 Old Description=无极性 New Description=无极性电容
Change Component Description : Designator=C25 Old Description=无极性 New Description=无极性电容
Change Component Description : Designator=Y2 Old Description=晶? New Description=晶振
Change Component Description : Designator=U5 Old Description=温度传 New Description=温度传感器
Change Component Description : Designator=C2 Old Description=电解? New Description=电解电容
Change Component Description : Designator=U4 Old Description=红外接 New Description=红外接收器
Change Component Description : Designator=R1 Old Description=贴片? New Description=贴片电阻
Change Component Description : Designator=R2 Old Description=贴片? New Description=贴片电阻
Change Component Description : Designator=R4 Old Description=贴片? New Description=贴片电阻
Change Component Description : Designator=R7 Old Description=贴片? New Description=贴片电阻
Change Component Description : Designator=R20 Old Description=贴片? New Description=贴片电阻
Change Component Description : Designator=R23 Old Description=贴片? New Description=贴片电阻
Change Component Description : Designator=R24 Old Description=贴片? New Description=贴片电阻
Change Component Description : Designator=R25 Old Description=贴片? New Description=贴片电阻
Change Component Description : Designator=R26 Old Description=贴片? New Description=贴片电阻
Change Component Description : Designator=R27 Old Description=贴片? New Description=贴片电阻
Change Component Description : Designator=R28 Old Description=贴片? New Description=贴片电阻
Change Component Description : Designator=R29 Old Description=贴片? New Description=贴片电阻
Change Component Description : Designator=R50 Old Description=贴片? New Description=贴片电阻
Change Component Description : Designator=R51 Old Description=贴片? New Description=贴片电阻
Change Component Description : Designator=R52 Old Description=贴片? New Description=贴片电阻
Change Component Description : Designator=R53 Old Description=贴片? New Description=贴片电阻
Change Component Description : Designator=R54 Old Description=贴片? New Description=贴片电阻
Change Component Description : Designator=R55 Old Description=贴片? New Description=贴片电阻
Change Component Description : Designator=R56 Old Description=贴片? New Description=贴片电阻
Change Component Description : Designator=R57 Old Description=贴片? New Description=贴片电阻
Change Component Description : Designator=C3 Old Description=钽电 New Description=钽电容
Change Component Description : Designator=C6 Old Description=钽电 New Description=钽电容
Change Component Description : Designator=C17 Old Description=钽电 New Description=钽电容
Change Component Description : Designator=C22 Old Description=钽电 New Description=钽电容
Added Pin To Net: NetName=STATUS Pin=R54-1
Added Pin To Net: NetName=BOOT Pin=R55-1
Added Pin To Net: NetName=STATUS Pin=R56-1
Added Pin To Net: NetName=BOOT Pin=R57-1
Added Pin To Net: NetName=E_LINK Pin=U1-19
Added Room: Name=U_Intelligent_Agriculture
Added Room: Name=U_Intelligent_Agriculture_Wifi
