Change Component Description : Designator=U3 Old Description=5V稳压? New Description=5V稳压芯片
Change Component Description : Designator=P6 Old Description=LCD12864框? New Description=LCD12864框架
Change Component Description : Designator=CON1 Old Description=LCD接插 New Description=LCD接插件
Change Component Description : Designator=Q6 Old Description=NPN三极 New Description=NPN三极管
Change Component Description : Designator=LED2 Old Description=发光二 New Description=发光二极管
Change Component Description : Designator=LED3 Old Description=发光二 New Description=发光二极管
Change Component Description : Designator=S1 Old Description=微动? New Description=微动开关
Change Component Description : Designator=S2 Old Description=微动? New Description=微动开关
Change Component Description : Designator=S3 Old Description=微动? New Description=微动开关
Change Component Description : Designator=S4 Old Description=微动? New Description=微动开关
Change Component Description : Designator=S5 Old Description=微动? New Description=微动开关
Change Component Description : Designator=S6 Old Description=微动? New Description=微动开关
Change Component Description : Designator=S7 Old Description=微动? New Description=微动开关
Change Component Description : Designator=S8 Old Description=微动? New Description=微动开关
Change Component Description : Designator=S9 Old Description=微动? New Description=微动开关
Change Component Description : Designator=S10 Old Description=微动? New Description=微动开关
Change Component Description : Designator=S11 Old Description=微动? New Description=微动开关
Change Component Description : Designator=P10 Old Description=接插 New Description=接插件
Change Component Description : Designator=C1 Old Description=无极性 New Description=无极性电容
Change Component Description : Designator=C1_lcd Old Description=无极性 New Description=无极性电容
Change Component Description : Designator=C2_lcd Old Description=无极性 New Description=无极性电容
Change Component Description : Designator=C4 Old Description=无极性 New Description=无极性电容
Change Component Description : Designator=C5 Old Description=无极性 New Description=无极性电容
Change Component Description : Designator=C7 Old Description=无极性 New Description=无极性电容
Change Component Description : Designator=C8 Old Description=无极性 New Description=无极性电容
Change Component Description : Designator=C9 Old Description=无极性 New Description=无极性电容
Change Component Description : Designator=C10 Old Description=无极性 New Description=无极性电容
Change Component Description : Designator=C11 Old Description=无极性 New Description=无极性电容
Change Component Description : Designator=C12 Old Description=无极性 New Description=无极性电容
Change Component Description : Designator=C13 Old Description=无极性 New Description=无极性电容
Change Component Description : Designator=C14 Old Description=无极性 New Description=无极性电容
Change Component Description : Designator=C15 Old Description=无极性 New Description=无极性电容
Change Component Description : Designator=C16 Old Description=无极性 New Description=无极性电容
Change Component Description : Designator=C18 Old Description=无极性 New Description=无极性电容
Change Component Description : Designator=C19 Old Description=无极性 New Description=无极性电容
Change Component Description : Designator=C20 Old Description=无极性 New Description=无极性电容
Change Component Description : Designator=C21 Old Description=无极性 New Description=无极性电容
Change Component Description : Designator=C23 Old Description=无极性 New Description=无极性电容
Change Component Description : Designator=C24 Old Description=无极性 New Description=无极性电容
Change Component Description : Designator=U5 Old Description=温度传 New Description=温度传感器
Change Component Description : Designator=C2 Old Description=电解? New Description=电解电容
Change Component Description : Designator=R50 Old Description=贴片? New Description=贴片电阻
Change Component Description : Designator=R51 Old Description=贴片? New Description=贴片电阻
Change Component Description : Designator=R52 Old Description=贴片? New Description=贴片电阻
Change Component Description : Designator=C22 Old Description=钽电 New Description=钽电容
Added Pin To Net: NetName=RX3 Pin=U10-30
Added Room: Name=U_Intelligent_Agriculture
Added Room: Name=U_Intelligent_Agriculture_Wifi
