Removed Pin From Net: NetName=NRST Pin=C8-1
Removed Pin From Net: NetName=VCC3V3 Pin=R2-1
Removed Pin From Net: NetName=NetLED1_1 Pin=R2-2
Removed Pin From Net: NetName=GND Pin=U5-1
Removed Pin From Net: NetName=TEMPER Pin=U5-2
Removed Pin From Net: NetName=VCC3V3 Pin=U5-3
Change Component DesignItemId : Designator=C7 Old DesignItemId=Cap New DesignItemId=Cap P
Change Component DesignItemId : Designator=U5 Old DesignItemId=DS18B20 New DesignItemId=EMW316
Change Component Comment : Designator=C7 Old Comment=Cap New Comment=Cap Pol
Change Component Comment : Designator=U5 Old Comment=DS18B20 New Comment=EMW3165
Change Component Description : Designator=U3 Old Description= New Description=5V稳压芯片
Change Component Description : Designator=P6 Old Description= New Description=LCD12864框架
Change Component Description : Designator=CON1 Old Description= New Description=LCD接插件
Change Component Description : Designator=C2 Old Description=Polarized Capacitor (Radial) New Description=电解电容
Change Component Description : Designator=C7 Old Description=无极性电容 New Description=钽电容
Change Component Description : Designator=C3 Old Description=极性电解电容 New Description=钽电容
Change Component Description : Designator=C6 Old Description=极性电解电容 New Description=钽电容
Change Component Description : Designator=C17 Old Description=极性电解电容 New Description=钽电容
Change Component Description : Designator=U5 Old Description=温度传感器 New Description=WIFI 模块
Change Component Library : Designator=U5 Old Library=fszhang.SchLib New Library=Intelligent_Agriculture.IntLib
Added Component: Designator=C7(C-RAD-0805)
Added Component: Designator=C8(C-RAD-0805)
Added Component: Designator=U5(HDR3X1_B1)
Added Pin To Net: NetName=VCC3V3 Pin=C7-1
Added Pin To Net: NetName=GND Pin=C7-2
Added Pin To Net: NetName=NRST Pin=C8-1
Added Pin To Net: NetName=VCC3V3 Pin=C8-1
Added Pin To Net: NetName=GND Pin=C8-2
Added Pin To Net: NetName=NetLED1_1 Pin=R2-1
Added Pin To Net: NetName=VCC3V3 Pin=R2-2
Added Pin To Net: NetName=GND Pin=U5-1
Added Pin To Net: NetName=TEMPER Pin=U5-2
Added Pin To Net: NetName=VCC3V3 Pin=U5-3
Added Pin To Net: NetName=E_RST Pin=U1-45
Added Net: Name=E_RST
Added Net: Name=NetLED2_2
Added Net: Name=NetLED3_2
Added Pin To Net: NetName=RX3 Pin=U1-22
Added Net: Name=RX3
Added Pin To Net: NetName=TX3 Pin=U1-21
Added Net: Name=TX3
Change Class Name : Old Net Name=Intelligent_Agriculture New Net Name=U_Intelligent_Agriculture
Added Class: Name=U_Intelligent_Agriculture_Wifi
Added Room: Name=U_Intelligent_Agriculture
Added Room: Name=U_Intelligent_Agriculture_Wifi
