Removed Pin From Net: NetName=VCC3V3 Pin=C7-1
Removed Pin From Net: NetName=GND Pin=C7-2
Removed Pin From Net: NetName=GND Pin=C8-2
Change Component DesignItemId : Designator=C7 Old DesignItemId=Cap New DesignItemId=Cap P
Change Component Comment : Designator=C7 Old Comment=Cap New Comment=Cap Pol
Change Component Description : Designator=C7 Old Description=无极性电容 New Description=钽电容
Added Component: Designator=C7(C-RAD-0805)
Added Component: Designator=C8(C-RAD-0805)
Added Component: Designator=U10(EMW3165)
Added Pin To Net: NetName=VCC3V3 Pin=C7-1
Added Pin To Net: NetName=GND Pin=C7-2
Added Pin To Net: NetName=NRST Pin=C8-1
Added Pin To Net: NetName=GND Pin=C8-2
Added Pin To Net: NetName=VCC3V3 Pin=U10-10
Added Pin To Net: NetName=E_RST Pin=U10-13
Added Pin To Net: NetName=GND Pin=U10-20
Added Pin To Net: NetName=GND Pin=U10-21
Added Pin To Net: NetName=TX3 Pin=U10-29
Added Pin To Net: NetName=RX3 Pin=U10-30
Added Pin To Net: NetName=NetLED3_2 Pin=U10-31
Added Pin To Net: NetName=NetLED2_2 Pin=U10-33
Added Pin To Net: NetName=VCC3V3 Pin=U10-39
Added Pin To Net: NetName=VCC3V3 Pin=U10-40
Added Class: Name=U_Intelligent_Agriculture_Wifi
Added Member To Class: ClassName=U_Intelligent_Agriculture Member=Component U5 DS18B20
Added Room: Name=U_Intelligent_Agriculture
Added Room: Name=U_Intelligent_Agriculture_Wifi
