Change Component DesignItemId : Designator=R1 Old DesignItemId=Res3 New DesignItemId=Res_0805
Change Component DesignItemId : Designator=R2 Old DesignItemId=Res3 New DesignItemId=Res_0805
Change Component DesignItemId : Designator=R3 Old DesignItemId=Res3 New DesignItemId=Res_0805
Change Component DesignItemId : Designator=R4 Old DesignItemId=Res3 New DesignItemId=Res_0805
Change Component DesignItemId : Designator=R5 Old DesignItemId=Res3 New DesignItemId=Res_0805
Change Component DesignItemId : Designator=R6 Old DesignItemId=Res3 New DesignItemId=Res_0805
Change Component DesignItemId : Designator=R7 Old DesignItemId=Res3 New DesignItemId=Res_0805
Change Component DesignItemId : Designator=R8 Old DesignItemId=Res3 New DesignItemId=Res_0805
Change Component DesignItemId : Designator=R9 Old DesignItemId=Res3 New DesignItemId=Res_0805
Change Component DesignItemId : Designator=R10 Old DesignItemId=Res3 New DesignItemId=Res_0805
Change Component DesignItemId : Designator=R11 Old DesignItemId=Res3 New DesignItemId=Res_0805
Change Component DesignItemId : Designator=R12 Old DesignItemId=Res3 New DesignItemId=Res_0805
Change Component DesignItemId : Designator=R13 Old DesignItemId=Res3 New DesignItemId=Res_0805
Change Component DesignItemId : Designator=R14 Old DesignItemId=Res3 New DesignItemId=Res_0805
Change Component DesignItemId : Designator=R15 Old DesignItemId=Res3 New DesignItemId=Res_0805
Change Component DesignItemId : Designator=R16 Old DesignItemId=Res3 New DesignItemId=Res_0805
Change Component DesignItemId : Designator=R17 Old DesignItemId=Res3 New DesignItemId=Res_0805
Change Component DesignItemId : Designator=R18 Old DesignItemId=Res3 New DesignItemId=Res_0805
Change Component DesignItemId : Designator=R19 Old DesignItemId=Res3 New DesignItemId=Res_0805
Change Component Footprint: Designator=R1 Old Footprint=6-0805_N New Footprint=RES_0805
Change Component Footprint: Designator=R2 Old Footprint=6-0805_N New Footprint=RES_0805
Change Component Footprint: Designator=R4 Old Footprint=6-0805_N New Footprint=RES_0805
Change Component Footprint: Designator=R5 Old Footprint=6-0805_N New Footprint=RES_0805
Change Component Footprint: Designator=R6 Old Footprint=6-0805_N New Footprint=RES_0805
Change Component Footprint: Designator=R7 Old Footprint=6-0805_N New Footprint=RES_0805
Change Component Footprint: Designator=R8 Old Footprint=6-0805_N New Footprint=RES_0805
Change Component Footprint: Designator=R9 Old Footprint=6-0805_N New Footprint=RES_0805
Change Component Footprint: Designator=R10 Old Footprint=6-0805_N New Footprint=RES_0805
Change Component Footprint: Designator=R11 Old Footprint=6-0805_N New Footprint=RES_0805
Change Component Footprint: Designator=R12 Old Footprint=6-0805_N New Footprint=RES_0805
Change Component Footprint: Designator=R13 Old Footprint=6-0805_N New Footprint=RES_0805
Change Component Footprint: Designator=R14 Old Footprint=6-0805_N New Footprint=RES_0805
Change Component Footprint: Designator=R15 Old Footprint=6-0805_N New Footprint=RES_0805
Change Component Footprint: Designator=R16 Old Footprint=6-0805_N New Footprint=RES_0805
Change Component Footprint: Designator=R17 Old Footprint=6-0805_N New Footprint=RES_0805
Change Component Footprint: Designator=R18 Old Footprint=6-0805_N New Footprint=RES_0805
Change Component Footprint: Designator=R19 Old Footprint=6-0805_N New Footprint=RES_0805
Change Component Comment : Designator=R1 Old Comment=Res3 New Comment=Res_0805
Change Component Comment : Designator=R2 Old Comment=Res3 New Comment=Res_0805
Change Component Comment : Designator=R3 Old Comment=Res3 New Comment=Res_0805
Change Component Comment : Designator=R4 Old Comment=Res3 New Comment=Res_0805
Change Component Comment : Designator=R5 Old Comment=Res3 New Comment=Res_0805
Change Component Comment : Designator=R6 Old Comment=Res3 New Comment=Res_0805
Change Component Comment : Designator=R7 Old Comment=Res3 New Comment=Res_0805
Change Component Comment : Designator=R8 Old Comment=Res3 New Comment=Res_0805
Change Component Comment : Designator=R9 Old Comment=Res3 New Comment=Res_0805
Change Component Comment : Designator=R10 Old Comment=Res3 New Comment=Res_0805
Change Component Comment : Designator=R11 Old Comment=Res3 New Comment=Res_0805
Change Component Comment : Designator=R12 Old Comment=Res3 New Comment=Res_0805
Change Component Comment : Designator=R13 Old Comment=Res3 New Comment=Res_0805
Change Component Comment : Designator=R14 Old Comment=Res3 New Comment=Res_0805
Change Component Comment : Designator=R15 Old Comment=Res3 New Comment=Res_0805
Change Component Comment : Designator=R16 Old Comment=Res3 New Comment=Res_0805
Change Component Comment : Designator=R17 Old Comment=Res3 New Comment=Res_0805
Change Component Comment : Designator=R18 Old Comment=Res3 New Comment=Res_0805
Change Component Comment : Designator=R19 Old Comment=Res3 New Comment=Res_0805
Change Component Designator: OldDesignator=U10 NewDesignator=*
Change Component Description : Designator=U2 Old Description=LM317 电源? New Description=LM317 电源芯片
Change Component Description : Designator=S1 Old Description=四脚? New Description=四脚按键
Change Component Description : Designator=S2 Old Description=四脚? New Description=四脚按键
Change Component Description : Designator=S3 Old Description=四脚? New Description=四脚按键
Change Component Description : Designator=S4 Old Description=四脚? New Description=四脚按键
Change Component Library : Designator=R3 Old Library=Miscellaneous Devices.IntLib New Library=My_Integrated_Library.IntLib
Added Member To Class: ClassName=U_My_STM32_BOARD_FUNCTION_SCH Member=Component * NET-ENC28J60
Added Room: Name=U_My_STM32_BOARD_ARDUINO_SCH
Added Room: Name=U_My_STM32_BOARD_FUNCTION_SCH
Added Room: Name=U_My_STM32_BOARD_HEADER_SCH
Added Room: Name=U_My_STM32_BOARD_MCU_SCH
