Removed Pin From Net: NetName=DGND Pin=C11-1
Removed Pin From Net: NetName=NetC11_2 Pin=C11-2
Removed Pin From Net: NetName=DGND Pin=C12-1
Removed Pin From Net: NetName=NetC12_2 Pin=C12-2
Added Component: Designator=C11(C1206)
Added Component: Designator=C12(C1206)
Added Pin To Net: NetName=DGND Pin=C8-2
Added Pin To Net: NetName=DGND Pin=C9-2
Added Pin To Net: NetName=DGND Pin=C11-1
Added Pin To Net: NetName=NetC11_2 Pin=C11-2
Added Pin To Net: NetName=DGND Pin=C12-1
Added Pin To Net: NetName=NetC12_2 Pin=C12-2
Added Pin To Net: NetName=DGND Pin=D2-1
Added Pin To Net: NetName=DGND Pin=DC1-3
Added Pin To Net: NetName=DGND Pin=S1-3
Added Pin To Net: NetName=DGND Pin=S2-3
Added Pin To Net: NetName=DGND Pin=S3-3
Added Pin To Net: NetName=DGND Pin=S4-3
Added Pin To Net: NetName=DGND Pin=U2-1
Change Net Name : Old Net Name=DGND New Net Name=AGND
Added Member To Class: ClassName=U_My_STM32_BOARD_MCU_SCH Member=Component C11 Cap Semi
Added Room: Name=U_My_STM32_BOARD_FUNCTION_SCH
Added Room: Name=U_My_STM32_BOARD_HEADER_SCH
Added Room: Name=U_My_STM32_BOARD_MCU_SCH
