Removed Pin From Net: NetName=GND Pin=C1-1
Removed Pin From Net: NetName=GND Pin=C2-1
Removed Pin From Net: NetName=NetC2_1 Pin=C3-1
Removed Pin From Net: NetName=NetC1_1 Pin=C4-1
Removed Pin From Net: NetName=NetC3_1 Pin=C5-1
Removed Pin From Net: NetName=NetC5_1 Pin=C6-1
Removed Pin From Net: NetName=GND Pin=C6-2
Removed Pin From Net: NetName=NetC4_1 Pin=C7-1
Removed Pin From Net: NetName=GND Pin=C7-2
Removed Pin From Net: NetName=GND Pin=C10-1
Removed Pin From Net: NetName=GND Pin=C11-1
Removed Pin From Net: NetName=GND Pin=C12-1
Removed Pin From Net: NetName=GND Pin=C13-1
Removed Pin From Net: NetName=NetD3_1 Pin=D1-1
Removed Pin From Net: NetName=GND Pin=D1-2
Removed Pin From Net: NetName=NetD4_1 Pin=D2-1
Removed Pin From Net: NetName=NetD5_1 Pin=D3-1
Removed Pin From Net: NetName=NetD6_1 Pin=D4-1
Removed Pin From Net: NetName=NetD7_1 Pin=D5-1
Removed Pin From Net: NetName=AGND Pin=D6-1
Removed Pin From Net: NetName=NetR9_1 Pin=R1-1
Removed Pin From Net: NetName=NetR9_2 Pin=R1-2
Removed Pin From Net: NetName=NetR10_1 Pin=R2-1
Removed Pin From Net: NetName=NetR8_2 Pin=R2-2
Removed Pin From Net: NetName=NetR11_2 Pin=R3-2
Removed Pin From Net: NetName=NetD3_1 Pin=R4-2
Removed Pin From Net: NetName=NetD5_1 Pin=R5-2
Removed Pin From Net: NetName=NetC5_1 Pin=R6-1
Removed Pin From Net: NetName=NetR8_2 Pin=R6-2
Removed Pin From Net: NetName=NetR14_2 Pin=R7-2
Removed Pin From Net: NetName=NetR1_1 Pin=R8-1
Removed Pin From Net: NetName=NetR1_1 Pin=R9-1
Removed Pin From Net: NetName=USB_DM Pin=R9-2
Removed Pin From Net: NetName=NetR3_1 Pin=R10-1
Removed Pin From Net: NetName=USB_DP Pin=R10-2
Removed Pin From Net: NetName=NetR5_1 Pin=R11-1
Removed Pin From Net: NetName=NetR4_1 Pin=R12-1
Removed Pin From Net: NetName=GND Pin=R12-2
Removed Pin From Net: NetName=NetR16_2 Pin=R13-2
Removed Pin From Net: NetName=NetD4_1 Pin=R14-2
Removed Pin From Net: NetName=NetR6_2 Pin=R15-2
Removed Pin From Net: NetName=NetR7_2 Pin=R16-2
Removed Pin From Net: NetName=NetR16_2 Pin=S1-1
Removed Pin From Net: NetName=NetR19_2 Pin=S2-1
Removed Pin From Net: NetName=RESET Pin=S2-2
Removed Pin From Net: NetName=NetR14_2 Pin=S3-1
Removed Pin From Net: NetName=NetR11_2 Pin=S4-1
Removed Pin From Net: NetName=GND Pin=U3-27
Removed Pin From Net: NetName=GND Pin=U3-49
Removed Pin From Net: NetName=GND Pin=U3-74
Removed Pin From Net: NetName=GND Pin=U3-99
Removed Pin From Net: NetName=GND Pin=USB1-5
Removed Pin From Net: NetName=GND Pin=USB1-5
Removed Pin From Net: NetName=GND Pin=USB1-5
Removed Pin From Net: NetName=GND Pin=USB1-5
Removed Pin From Net: NetName=GND Pin=USB1-5
Removed Pin From Net: NetName=GND Pin=USB1-5
Removed Pin From Net: NetName=GND Pin=USB1-5
Change Component DesignItemId : Designator=D6 Old DesignItemId=Diode_SMA New DesignItemId=LED_0805
Change Component DesignItemId : Designator=D7 Old DesignItemId=Diode_SMA New DesignItemId=LED_0805
Change Component DesignItemId : Designator=J1 Old DesignItemId=HDR1X10_2.54 New DesignItemId=HDR2X28_2.54
Change Component DesignItemId : Designator=J3 Old DesignItemId=HDR2X28_2.54 New DesignItemId=HDR1X10_2.54
Change Component DesignItemId : Designator=D1 Old DesignItemId=LED_0805 New DesignItemId=Diode_SMA
Change Component DesignItemId : Designator=D2 Old DesignItemId=LED_0805 New DesignItemId=Diode_SMA
Change Component Footprint: Designator=C7 Old Footprint=0402 New Footprint=2029
Change Component Footprint: Designator=C1 Old Footprint=2029 New Footprint=0402
Change Component Footprint: Designator=D6 Old Footprint=DIODE_DO-214AC New Footprint=LED_1206_BLUE
Change Component Footprint: Designator=D7 Old Footprint=DIODE_DO-214AC New Footprint=LED_1206_BLUE
Change Component Footprint: Designator=J1 Old Footprint=HDR1X10_2.54_180 New Footprint=HDR2X28_2.54
Change Component Footprint: Designator=J3 Old Footprint=HDR2X28_2.54 New Footprint=HDR1X10_2.54_180
Change Component Footprint: Designator=D1 Old Footprint=LED_0805_RED New Footprint=DIODE_DO-214AC
Change Component Footprint: Designator=D2 Old Footprint=LED_1206_BLUE New Footprint=DIODE_DO-214AC
Change Component Footprint: Designator=D3 Old Footprint=LED_1206_BLUE New Footprint=LED_0805_RED
Change Component Comment : Designator=D6 Old Comment= New Comment=LED_0805
Change Component Comment : Designator=D7 Old Comment= New Comment=LED_0805
Change Component Comment : Designator=J1 Old Comment=HDR1X10_2.54 New Comment=HDR2X28_2.54
Change Component Comment : Designator=J3 Old Comment=HDR2X28_2.54 New Comment=HDR1X10_2.54
Change Component Comment : Designator=D1 Old Comment=LED_0805 New Comment=
Change Component Comment : Designator=D2 Old Comment=LED_0805 New Comment=
Change Component Designator: OldDesignator=C10 NewDesignator=C13
Change Component Designator: OldDesignator=C11 NewDesignator=C12
Change Component Designator: OldDesignator=C12 NewDesignator=C11
Change Component Designator: OldDesignator=C13 NewDesignator=C10
Change Component Designator: OldDesignator=R17 NewDesignator=R19
Change Component Designator: OldDesignator=R19 NewDesignator=R17
Change Component Designator: OldDesignator=Y2 NewDesignator=Y3
Change Component Designator: OldDesignator=Y3 NewDesignator=Y2
Added Component: Designator=U1(SSOP-28)
Added Pin To Net: NetName=NetC1_1 Pin=C1-1
Added Pin To Net: NetName=GND Pin=C1-2
Added Pin To Net: NetName=NetC2_1 Pin=C2-1
Added Pin To Net: NetName=NetC3_1 Pin=C3-1
Added Pin To Net: NetName=GND Pin=C3-2
Added Pin To Net: NetName=NetC4_1 Pin=C4-1
Added Pin To Net: NetName=NetC5_1 Pin=C5-1
Added Pin To Net: NetName=AGND Pin=D2-1
Added Pin To Net: NetName=NetD3_1 Pin=D3-1
Added Pin To Net: NetName=NetD4_1 Pin=D4-1
Added Pin To Net: NetName=NetD5_1 Pin=D5-1
Added Pin To Net: NetName=NetD6_1 Pin=D6-1
Added Pin To Net: NetName=NetD7_1 Pin=D7-1
Added Pin To Net: NetName=NetR1_1 Pin=R1-1
Added Pin To Net: NetName=NetR1_1 Pin=R2-1
Added Pin To Net: NetName=USB_DM Pin=R2-2
Added Pin To Net: NetName=NetR3_1 Pin=R3-1
Added Pin To Net: NetName=USB_DP Pin=R3-2
Added Pin To Net: NetName=NetR4_1 Pin=R4-1
Added Pin To Net: NetName=GND Pin=R4-2
Added Pin To Net: NetName=NetR5_1 Pin=R5-1
Added Pin To Net: NetName=NetR6_2 Pin=R6-2
Added Pin To Net: NetName=NetR7_2 Pin=R7-2
Added Pin To Net: NetName=NetC5_1 Pin=R8-1
Added Pin To Net: NetName=NetR8_2 Pin=R8-2
Added Pin To Net: NetName=NetR9_1 Pin=R9-1
Added Pin To Net: NetName=NetR9_2 Pin=R9-2
Added Pin To Net: NetName=NetR10_1 Pin=R10-1
Added Pin To Net: NetName=NetR8_2 Pin=R10-2
Added Pin To Net: NetName=NetR11_2 Pin=R11-2
Added Pin To Net: NetName=NetD3_1 Pin=R12-2
Added Pin To Net: NetName=NetD4_1 Pin=R13-2
Added Pin To Net: NetName=NetR14_2 Pin=R14-2
Added Pin To Net: NetName=NetD5_1 Pin=R15-2
Added Pin To Net: NetName=NetR16_2 Pin=R16-2
Added Pin To Net: NetName=NetR11_2 Pin=S1-1
Added Pin To Net: NetName=NetR14_2 Pin=S2-1
Added Pin To Net: NetName=NetR16_2 Pin=S3-1
Added Pin To Net: NetName=NetR19_2 Pin=S4-1
Added Pin To Net: NetName=RESET Pin=S4-2
Added Pin To Net: NetName=UART1_TX Pin=U1-1
Added Pin To Net: NetName=NetC2_1 Pin=U1-4
Added Pin To Net: NetName=UART1_RX Pin=U1-5
Added Pin To Net: NetName=NetR6_2 Pin=U1-13
Added Pin To Net: NetName=NetR7_2 Pin=U1-14
Added Pin To Net: NetName=NetR10_1 Pin=U1-15
Added Pin To Net: NetName=NetR9_1 Pin=U1-16
Added Pin To Net: NetName=NetC5_1 Pin=U1-17
Added Pin To Net: NetName=GND Pin=U1-18
Added Pin To Net: NetName=GND Pin=U1-21
Added Pin To Net: NetName=NetR5_1 Pin=U1-22
Added Pin To Net: NetName=NetR4_1 Pin=U1-23
Added Pin To Net: NetName=NetC4_1 Pin=U1-24
Added Pin To Net: NetName=GND Pin=U1-25
Added Pin To Net: NetName=GND Pin=U1-26
Added Pin To Net: NetName=NetC3_1 Pin=U1-27
Added Pin To Net: NetName=NetC1_1 Pin=U1-28
Change Net Name : Old Net Name=KEY2 New Net Name=KEY3
Change Net Name : Old Net Name=KEY3 New Net Name=KEY1
Change Net Name : Old Net Name=LED3 New Net Name=LED1
Change Net Name : Old Net Name=LED4 New Net Name=LED2
Added Pin To Net: NetName=DGND Pin=C6-1
Added Pin To Net: NetName=DGND Pin=C7-1
Added Pin To Net: NetName=DGND Pin=C10-1
Added Pin To Net: NetName=DGND Pin=C11-1
Added Pin To Net: NetName=DGND Pin=C12-1
Added Pin To Net: NetName=DGND Pin=C13-1
Added Pin To Net: NetName=DGND Pin=D3-2
Added Pin To Net: NetName=DGND Pin=U1-7
Added Pin To Net: NetName=DGND Pin=U3-27
Added Pin To Net: NetName=DGND Pin=U3-49
Added Pin To Net: NetName=DGND Pin=U3-74
Added Pin To Net: NetName=DGND Pin=U3-99
Added Pin To Net: NetName=DGND Pin=USB1-5
Added Pin To Net: NetName=DGND Pin=USB1-5
Added Pin To Net: NetName=DGND Pin=USB1-5
Added Pin To Net: NetName=DGND Pin=USB1-5
Added Pin To Net: NetName=DGND Pin=USB1-5
Added Pin To Net: NetName=DGND Pin=USB1-5
Added Pin To Net: NetName=DGND Pin=USB1-5
Added Net: Name=DGND
Added Pin To Net: NetName=KEY2 Pin=S2-2
Added Net: Name=KEY2
Added Pin To Net: NetName=LED3 Pin=D6-2
Added Net: Name=LED3
Added Pin To Net: NetName=LED4 Pin=D7-2
Added Net: Name=LED4
Added Pin To Net: NetName=VCC3V3 Pin=C9-1
Added Pin To Net: NetName=VCC3V3 Pin=D1-1
Added Pin To Net: NetName=VCC3V3 Pin=D2-2
Added Pin To Net: NetName=VCC3V3 Pin=R1-2
Added Pin To Net: NetName=VCC3V3 Pin=R6-1
Added Pin To Net: NetName=VCC3V3 Pin=R7-1
Added Pin To Net: NetName=VCC3V3 Pin=R11-1
Added Pin To Net: NetName=VCC3V3 Pin=R12-1
Added Pin To Net: NetName=VCC3V3 Pin=R13-1
Added Pin To Net: NetName=VCC3V3 Pin=R14-1
Added Pin To Net: NetName=VCC3V3 Pin=R15-1
Added Pin To Net: NetName=VCC3V3 Pin=R16-1
Added Pin To Net: NetName=VCC3V3 Pin=R17-1
Added Pin To Net: NetName=VCC3V3 Pin=R18-1
Added Pin To Net: NetName=VCC3V3 Pin=R19-1
Added Pin To Net: NetName=VCC3V3 Pin=U1-9
Added Pin To Net: NetName=VCC3V3 Pin=U2-2
Added Pin To Net: NetName=VCC3V3 Pin=U3-28
Added Pin To Net: NetName=VCC3V3 Pin=U3-50
Added Pin To Net: NetName=VCC3V3 Pin=U3-75
Added Pin To Net: NetName=VCC3V3 Pin=U3-100
Added Net: Name=VCC3V3
Added Pin To Net: NetName=VCC5V Pin=C2-2
Added Pin To Net: NetName=VCC5V Pin=C6-2
Added Pin To Net: NetName=VCC5V Pin=C7-2
Added Pin To Net: NetName=VCC5V Pin=C8-1
Added Pin To Net: NetName=VCC5V Pin=D1-2
Added Pin To Net: NetName=VCC5V Pin=DC1-1
Added Pin To Net: NetName=VCC5V Pin=R5-2
Added Pin To Net: NetName=VCC5V Pin=U1-19
Added Pin To Net: NetName=VCC5V Pin=U1-20
Added Pin To Net: NetName=VCC5V Pin=U2-3
Added Pin To Net: NetName=VCC5V Pin=USB1-1
Added Pin To Net: NetName=VCC5V Pin=USB2-1
Added Net: Name=VCC5V
Added Member To Class: ClassName=U_My_STM32_BOARD_FUNCTION_SCH Member=Component U1 Com_PL2303
Added Room: Name=U_My_STM32_BOARD_FUNCTION_SCH
Added Room: Name=U_My_STM32_BOARD_HEADER_SCH
Added Room: Name=U_My_STM32_BOARD_MCU_SCH
