Removed Pin From Net: NetName=DGND Pin=C11-1
Removed Pin From Net: NetName=NetC11_2 Pin=C11-2
Removed Pin From Net: NetName=DGND Pin=C12-1
Removed Pin From Net: NetName=NetC12_2 Pin=C12-2
Added Component: Designator=C11(C1206)
Added Component: Designator=C12(C1206)
Added Pin To Net: NetName=DGND Pin=C1-2
Added Pin To Net: NetName=DGND Pin=C3-2
Added Pin To Net: NetName=DGND Pin=C4-2
Added Pin To Net: NetName=DGND Pin=C5-2
Added Pin To Net: NetName=DGND Pin=C11-1
Added Pin To Net: NetName=NetC11_2 Pin=C11-2
Added Pin To Net: NetName=DGND Pin=C12-1
Added Pin To Net: NetName=NetC12_2 Pin=C12-2
Added Pin To Net: NetName=DGND Pin=R4-2
Added Pin To Net: NetName=DGND Pin=U1-18
Added Pin To Net: NetName=DGND Pin=U1-21
Added Pin To Net: NetName=DGND Pin=U1-25
Added Pin To Net: NetName=DGND Pin=U1-26
Added Pin To Net: NetName=DGND Pin=USB2-5
Added Pin To Net: NetName=DGND Pin=USB2-5
Added Pin To Net: NetName=DGND Pin=USB2-5
Added Pin To Net: NetName=DGND Pin=USB2-5
Added Pin To Net: NetName=DGND Pin=USB2-5
Added Pin To Net: NetName=DGND Pin=USB2-5
Added Pin To Net: NetName=DGND Pin=USB2-5
Added Member To Class: ClassName=U_My_STM32_BOARD_MCU_SCH Member=Component C11 Cap Semi
Added Room: Name=U_My_STM32_BOARD_FUNCTION_SCH
Added Room: Name=U_My_STM32_BOARD_HEADER_SCH
Added Room: Name=U_My_STM32_BOARD_MCU_SCH
