Removed Pin From Net: NetName=DGND Pin=C11-1
Removed Pin From Net: NetName=NetC11_2 Pin=C11-2
Removed Pin From Net: NetName=DGND Pin=C12-1
Removed Pin From Net: NetName=NetC12_2 Pin=C12-2
Removed Member From Class: ClassName=U_My_STM32_BOARD_MCU_SCH Member=C7
Added Component: Designator=C11(C1206)
Added Component: Designator=C12(C1206)
Added Pin To Net: NetName=DGND Pin=C11-1
Added Pin To Net: NetName=NetC11_2 Pin=C11-2
Added Pin To Net: NetName=DGND Pin=C12-1
Added Pin To Net: NetName=NetC12_2 Pin=C12-2
Change Net Name : Old Net Name=VCC_3V3 New Net Name=VCC3V3
Added Member To Class: ClassName=U_My_STM32_BOARD_FUNCTION_SCH Member=Component C4 Cap
Added Member To Class: ClassName=U_My_STM32_BOARD_FUNCTION_SCH Member=Component C5 Cap
Added Member To Class: ClassName=U_My_STM32_BOARD_MCU_SCH Member=Component C11 Cap Semi
Added Member To Class: ClassName=U_My_STM32_BOARD_MCU_SCH Member=Component C13 Cap Semi
Added Member To Class: ClassName=U_My_STM32_BOARD_FUNCTION_SCH Member=Component D6 LED_0805
Added Member To Class: ClassName=U_My_STM32_BOARD_FUNCTION_SCH Member=Component D7 LED_0805
Added Room: Name=U_My_STM32_BOARD_FUNCTION_SCH
Added Room: Name=U_My_STM32_BOARD_HEADER_SCH
Added Room: Name=U_My_STM32_BOARD_MCU_SCH
