Removed Pin From Net: NetName=VCC5V Pin=C3-1
Removed Pin From Net: NetName=AGND Pin=C3-2
Removed Pin From Net: NetName=VCC3V3 Pin=C4-1
Removed Pin From Net: NetName=AGND Pin=C4-2
Removed Pin From Net: NetName=DGND Pin=C8-1
Removed Pin From Net: NetName=NetC12_2 Pin=C8-2
Removed Pin From Net: NetName=DGND Pin=C9-1
Removed Pin From Net: NetName=NetC11_2 Pin=C9-2
Removed Pin From Net: NetName=NetD7_1 Pin=D1-1
Removed Pin From Net: NetName=LED4 Pin=D1-2
Removed Pin From Net: NetName=NetD6_1 Pin=D2-1
Removed Pin From Net: NetName=LED3 Pin=D2-2
Removed Pin From Net: NetName=GND Pin=My_LCD1-1
Removed Pin From Net: NetName=NetR19_2 Pin=S1-1
Removed Pin From Net: NetName=RESET Pin=S1-2
Removed Pin From Net: NetName=NetR11_2 Pin=S2-1
Removed Pin From Net: NetName=NetR14_2 Pin=S3-1
Removed Pin From Net: NetName=NetR16_2 Pin=S4-1
Removed Member From Class: ClassName=U_My_STM32_BOARD_MCU_SCH Member=C2
Removed Member From Class: ClassName=U_My_STM32_BOARD_FUNCTION_SCH Member=C11
Removed Member From Class: ClassName=U_My_STM32_BOARD_FUNCTION_SCH Member=C13
Change Component DesignItemId : Designator=C8 Old DesignItemId=Cap Semi New DesignItemId=Cap_Pol
Change Component DesignItemId : Designator=C9 Old DesignItemId=Cap Semi New DesignItemId=Cap_Pol
Change Component DesignItemId : Designator=J1 Old DesignItemId=HDR1X10_2.54 New DesignItemId=HDR2X28_2.54
Change Component DesignItemId : Designator=J3 Old DesignItemId=HDR2X28_2.54 New DesignItemId=HDR1X10_2.54
Change Component Footprint: Designator=C8 Old Footprint=C1206 New Footprint=Cap_Pol_F5
Change Component Footprint: Designator=C9 Old Footprint=C1206 New Footprint=Cap_Pol_F6
Change Component Footprint: Designator=J1 Old Footprint=HDR1X10_2.54_180 New Footprint=HDR2X28_2.54
Change Component Footprint: Designator=J3 Old Footprint=HDR2X28_2.54 New Footprint=HDR1X10_2.54_180
Change Component Comment : Designator=C8 Old Comment=Cap Semi New Comment=Cap_Pol
Change Component Comment : Designator=C9 Old Comment=Cap Semi New Comment=Cap_Pol
Change Component Comment : Designator=J1 Old Comment=HDR1X10_2.54 New Comment=HDR2X28_2.54
Change Component Comment : Designator=J3 Old Comment=HDR2X28_2.54 New Comment=HDR1X10_2.54
Change Component Designator: OldDesignator=C1 NewDesignator=C6
Change Component Designator: OldDesignator=C2 NewDesignator=C7
Change Component Designator: OldDesignator=C5 NewDesignator=C1
Change Component Designator: OldDesignator=C6 NewDesignator=C3
Change Component Designator: OldDesignator=C7 NewDesignator=C13
Change Component Designator: OldDesignator=C11 NewDesignator=C4
Change Component Designator: OldDesignator=C12 NewDesignator=C5
Change Component Designator: OldDesignator=C13 NewDesignator=C2
Change Component Designator: OldDesignator=D3 NewDesignator=D5
Change Component Designator: OldDesignator=D4 NewDesignator=D1
Change Component Designator: OldDesignator=D5 NewDesignator=D2
Change Component Designator: OldDesignator=D6 NewDesignator=D3
Change Component Designator: OldDesignator=D7 NewDesignator=D4
Change Component Designator: OldDesignator=R1 NewDesignator=R3
Change Component Designator: OldDesignator=R3 NewDesignator=R1
Change Component Designator: OldDesignator=R6 NewDesignator=R9
Change Component Designator: OldDesignator=R7 NewDesignator=R8
Change Component Designator: OldDesignator=R8 NewDesignator=R10
Change Component Designator: OldDesignator=R9 NewDesignator=R12
Change Component Designator: OldDesignator=R10 NewDesignator=R19
Change Component Designator: OldDesignator=R11 NewDesignator=R6
Change Component Designator: OldDesignator=R12 NewDesignator=R7
Change Component Designator: OldDesignator=R14 NewDesignator=R11
Change Component Designator: OldDesignator=R15 NewDesignator=R18
Change Component Designator: OldDesignator=R16 NewDesignator=R14
Change Component Designator: OldDesignator=R18 NewDesignator=R16
Change Component Designator: OldDesignator=R19 NewDesignator=R15
Change Component Designator: OldDesignator=Y2 NewDesignator=Y3
Change Component Designator: OldDesignator=Y3 NewDesignator=Y2
Added Component: Designator=C11(C1206)
Added Component: Designator=C12(C1206)
Added Component: Designator=D6(LED_1206_BLUE)
Added Component: Designator=D7(LED_1206_BLUE)
Added Pin To Net: NetName=VCC5V Pin=C8-1
Added Pin To Net: NetName=AGND Pin=C8-2
Added Pin To Net: NetName=VCC3V3 Pin=C9-1
Added Pin To Net: NetName=AGND Pin=C9-2
Added Pin To Net: NetName=DGND Pin=C11-1
Added Pin To Net: NetName=NetC11_2 Pin=C11-2
Added Pin To Net: NetName=DGND Pin=C12-1
Added Pin To Net: NetName=NetC12_2 Pin=C12-2
Added Pin To Net: NetName=NetD6_1 Pin=D6-1
Added Pin To Net: NetName=LED3 Pin=D6-2
Added Pin To Net: NetName=NetD7_1 Pin=D7-1
Added Pin To Net: NetName=LED4 Pin=D7-2
Added Pin To Net: NetName=DGND Pin=My_LCD1-1
Added Pin To Net: NetName=NetR11_2 Pin=S1-1
Added Pin To Net: NetName=NetR14_2 Pin=S2-1
Added Pin To Net: NetName=NetR16_2 Pin=S3-1
Added Pin To Net: NetName=NetR19_2 Pin=S4-1
Added Pin To Net: NetName=RESET Pin=S4-2
Change Net Name : Old Net Name=KEY1 New Net Name=KEY2
Change Net Name : Old Net Name=KEY2 New Net Name=KEY3
Added Pin To Net: NetName=KEY1 Pin=S1-2
Added Net: Name=KEY1
Added Member To Class: ClassName=U_My_STM32_BOARD_FUNCTION_SCH Member=Component C7 Cap
Added Member To Class: ClassName=U_My_STM32_BOARD_MCU_SCH Member=Component C13 Cap Semi
Added Room: Name=U_My_STM32_BOARD_FUNCTION_SCH
Added Room: Name=U_My_STM32_BOARD_HEADER_SCH
Added Room: Name=U_My_STM32_BOARD_MCU_SCH
