Removed Pin From Net: NetName=VCC12V Pin=C1-1
Removed Pin From Net: NetName=GND Pin=C1-2
Removed Pin From Net: NetName=GND Pin=DG1-1
Removed Pin From Net: NetName=GND Pin=DG2-1
Removed Pin From Net: NetName=N220V Pin=DG3-1
Removed Pin From Net: NetName=N220V Pin=DG4-1
Removed Pin From Net: NetName=GND Pin=P1-1
Removed Pin From Net: NetName=VCC12V Pin=P1-2
Removed Pin From Net: NetName=RELAY1 Pin=P2-1
Removed Pin From Net: NetName=RELAY2 Pin=P2-2
Removed Pin From Net: NetName=RELAY3 Pin=P2-3
Removed Pin From Net: NetName=RELAY4 Pin=P2-4
Removed Pin From Net: NetName=GND Pin=Q1-2
Removed Pin From Net: NetName=GND Pin=Q2-2
Removed Pin From Net: NetName=GND Pin=Q3-2
Removed Pin From Net: NetName=GND Pin=Q4-2
Removed Pin From Net: NetName=RELAY1 Pin=R8-2
Removed Pin From Net: NetName=RELAY1 Pin=R9-1
Removed Pin From Net: NetName=GND Pin=R9-2
Removed Pin From Net: NetName=RELAY2 Pin=R11-2
Removed Pin From Net: NetName=RELAY2 Pin=R12-1
Removed Pin From Net: NetName=GND Pin=R12-2
Removed Pin From Net: NetName=RELAY3 Pin=R14-2
Removed Pin From Net: NetName=RELAY3 Pin=R15-1
Removed Pin From Net: NetName=GND Pin=R15-2
Removed Pin From Net: NetName=RELAY4 Pin=R17-2
Removed Pin From Net: NetName=RELAY4 Pin=R18-1
Removed Pin From Net: NetName=GND Pin=R18-2
Removed Pin From Net: NetName=VCC12V Pin=SDR1-1
Removed Pin From Net: NetName=VCC12V Pin=SDR1-3
Removed Pin From Net: NetName=VCC12V Pin=SDR2-1
Removed Pin From Net: NetName=VCC12V Pin=SDR2-3
Removed Pin From Net: NetName=VCC12V Pin=SDR3-1
Removed Pin From Net: NetName=L220V Pin=SDR3-3
Removed Pin From Net: NetName=VCC12V Pin=SDR4-1
Removed Pin From Net: NetName=L220V Pin=SDR4-3
Removed Pin From Net: NetName=L220V Pin=U0-2
Removed Pin From Net: NetName=N220V Pin=U0-3
Removed Pin From Net: NetName=GND Pin=U0-4
Removed Pin From Net: NetName=VCC12V Pin=U0-8
Added Pin To Net: NetName=NetDG1_1 Pin=DG1-1
Added Pin To Net: NetName=GND Pin=DG1-2
Added Pin To Net: NetName=NetDG2_1 Pin=DG2-1
Added Pin To Net: NetName=GND Pin=DG2-2
Added Pin To Net: NetName=NetDG3_1 Pin=DG3-1
Added Pin To Net: NetName=N220V Pin=DG3-2
Added Pin To Net: NetName=NetDG4_1 Pin=DG4-1
Added Pin To Net: NetName=N220V Pin=DG4-2
Added Pin To Net: NetName=NetQ2_1 Pin=Q2-1
Added Pin To Net: NetName=NetD2_1 Pin=Q2-3
