Removed Pin From Net: NetName=L220V Pin=U1-1
Removed Pin From Net: NetName=L220V Pin=U2-1
Added Component: Designator=C1(C-RB-2.54)
Added Component: Designator=P1(HDR2X1_B1)
Added Component: Designator=P2(HDR4X1_B1)
Added Component: Designator=Q1(SOT-23)
Added Component: Designator=Q2(SOT-23)
Added Component: Designator=Q3(SOT-23)
Added Component: Designator=Q4(SOT-23)
Added Component: Designator=R8(0805-1)
Added Component: Designator=R9(0805-1)
Added Component: Designator=R11(0805-1)
Added Component: Designator=R12(0805-1)
Added Component: Designator=R14(0805-1)
Added Component: Designator=R15(0805-1)
Added Component: Designator=R17(0805-1)
Added Component: Designator=R18(0805-1)
Added Component: Designator=SDR1(SRD-05VDC)
Added Component: Designator=SDR2(SRD-05VDC)
Added Component: Designator=SDR3(SRD-05VDC)
Added Component: Designator=SDR4(SRD-05VDC)
Added Component: Designator=U0(ACDC_XTQ10B-12W)
Added Pin To Net: NetName=VCC12V Pin=C1-1
Added Pin To Net: NetName=GND Pin=C1-2
Added Pin To Net: NetName=VCC12V Pin=C2-1
Added Pin To Net: NetName=GND Pin=C2-2
Added Pin To Net: NetName=GND Pin=D0-1
Added Pin To Net: NetName=VCC12V Pin=D0-2
Added Pin To Net: NetName=VCC12V Pin=D1-2
Added Pin To Net: NetName=VCC12V Pin=D2-2
Added Pin To Net: NetName=VCC12V Pin=D3-2
Added Pin To Net: NetName=VCC12V Pin=D4-2
Added Pin To Net: NetName=GND Pin=DG1-1
Added Pin To Net: NetName=GND Pin=DG2-1
Added Pin To Net: NetName=N220V Pin=DG3-1
Added Pin To Net: NetName=N220V Pin=DG4-1
Added Pin To Net: NetName=GND Pin=P1-1
Added Pin To Net: NetName=VCC12V Pin=P1-2
Added Pin To Net: NetName=RELAY1 Pin=P2-1
Added Pin To Net: NetName=RELAY2 Pin=P2-2
Added Pin To Net: NetName=RELAY3 Pin=P2-3
Added Pin To Net: NetName=RELAY4 Pin=P2-4
Added Pin To Net: NetName=GND Pin=Q1-2
Added Pin To Net: NetName=GND Pin=Q2-2
Added Pin To Net: NetName=GND Pin=Q3-2
Added Pin To Net: NetName=GND Pin=Q4-2
Added Pin To Net: NetName=N220V Pin=R0-2
Added Pin To Net: NetName=N220V Pin=R1-1
Added Pin To Net: NetName=L220V Pin=R1-2
Added Pin To Net: NetName=RELAY1 Pin=R8-2
Added Pin To Net: NetName=RELAY1 Pin=R9-1
Added Pin To Net: NetName=GND Pin=R9-2
Added Pin To Net: NetName=RELAY2 Pin=R11-2
Added Pin To Net: NetName=RELAY2 Pin=R12-1
Added Pin To Net: NetName=GND Pin=R12-2
Added Pin To Net: NetName=RELAY3 Pin=R14-2
Added Pin To Net: NetName=RELAY3 Pin=R15-1
Added Pin To Net: NetName=GND Pin=R15-2
Added Pin To Net: NetName=RELAY4 Pin=R17-2
Added Pin To Net: NetName=RELAY4 Pin=R18-1
Added Pin To Net: NetName=GND Pin=R18-2
Added Pin To Net: NetName=VCC12V Pin=SDR1-1
Added Pin To Net: NetName=VCC12V Pin=SDR1-3
Added Pin To Net: NetName=VCC12V Pin=SDR2-1
Added Pin To Net: NetName=VCC12V Pin=SDR2-3
Added Pin To Net: NetName=VCC12V Pin=SDR3-1
Added Pin To Net: NetName=L220V Pin=SDR3-3
Added Pin To Net: NetName=VCC12V Pin=SDR4-1
Added Pin To Net: NetName=L220V Pin=SDR4-3
Added Pin To Net: NetName=L220V Pin=SW0-2
Added Pin To Net: NetName=L220V Pin=U0-2
Added Pin To Net: NetName=N220V Pin=U0-3
Added Pin To Net: NetName=GND Pin=U0-4
Added Pin To Net: NetName=VCC12V Pin=U0-8
Added Pin To Net: NetName=VCC12V Pin=U1-1
Added Pin To Net: NetName=VCC12V Pin=U2-1
Added Pin To Net: NetName=NetDG1_2 Pin=DG1-2
Added Pin To Net: NetName=NetDG1_2 Pin=SDR1-5
Added Net: Name=NetDG1_2
Added Pin To Net: NetName=NetDG2_2 Pin=DG2-2
Added Pin To Net: NetName=NetDG2_2 Pin=SDR2-5
Added Net: Name=NetDG2_2
Added Pin To Net: NetName=NetDG3_2 Pin=DG3-2
Added Pin To Net: NetName=NetDG3_2 Pin=SDR3-5
Added Net: Name=NetDG3_2
Added Pin To Net: NetName=NetDG4_2 Pin=DG4-2
Added Pin To Net: NetName=NetDG4_2 Pin=SDR4-5
Added Net: Name=NetDG4_2
Added Class: Name=Intelligent_Agriculture_Power11
Added Room: Name=Intelligent_Agriculture_Power11
Added Room: Name=Intelligent_Agriculture_Power
