Removed Pin From Net: NetName=N220V Pin=DG3-1
Removed Pin From Net: NetName=N220V Pin=DG4-1
Change Component DesignItemId : Designator=F0 Old DesignItemId=Fuse 2 New DesignItemId=Fuse
Change Component DesignItemId : Designator=DG1 Old DesignItemId=Header New DesignItemId=Header 2
Change Component DesignItemId : Designator=DG2 Old DesignItemId=Header New DesignItemId=Header 2
Change Component DesignItemId : Designator=DG3 Old DesignItemId=Header New DesignItemId=Header 2
Change Component DesignItemId : Designator=DG4 Old DesignItemId=Header New DesignItemId=Header 2
Change Component Library : Designator=DG1 Old Library=fszhang.SchLib New Library=Intelligent_Agriculture_Lib.IntLib
Change Component Library : Designator=DG2 Old Library=fszhang.SchLib New Library=Intelligent_Agriculture_Lib.IntLib
Change Component Library : Designator=DG3 Old Library=fszhang.SchLib New Library=Intelligent_Agriculture_Lib.IntLib
Change Component Library : Designator=DG4 Old Library=fszhang.SchLib New Library=Intelligent_Agriculture_Lib.IntLib
Added Component: Designator=U1(RL-G3MC-202P-DC5)
Added Component: Designator=U2(RL-G3MC-202P-DC5)
Added Component: Designator=U3(RL-G3MC-202P-DC5)
Added Component: Designator=U4(RL-G3MC-202P-DC5)
Added Pin To Net: NetName=N220V Pin=DG3-2
Added Pin To Net: NetName=N220V Pin=DG4-2
Added Pin To Net: NetName=NetD1_1 Pin=U1-1
Added Pin To Net: NetName=VCC12V Pin=U1-2
Added Pin To Net: NetName=NetDG1_1 Pin=U1-3
Added Pin To Net: NetName=VCC12V Pin=U1-4
Added Pin To Net: NetName=NetD2_1 Pin=U2-1
Added Pin To Net: NetName=VCC12V Pin=U2-2
Added Pin To Net: NetName=NetDG2_1 Pin=U2-3
Added Pin To Net: NetName=VCC12V Pin=U2-4
Added Pin To Net: NetName=NetD3_1 Pin=U3-1
Added Pin To Net: NetName=VCC12V Pin=U3-2
Added Pin To Net: NetName=L220V Pin=U3-4
Added Pin To Net: NetName=NetD4_1 Pin=U4-1
Added Pin To Net: NetName=VCC12V Pin=U4-2
Added Pin To Net: NetName=L220V Pin=U4-4
Added Pin To Net: NetName=NetDG3_1 Pin=DG3-1
Added Pin To Net: NetName=NetDG3_1 Pin=U3-3
Added Net: Name=NetDG3_1
Added Pin To Net: NetName=NetDG4_1 Pin=DG4-1
Added Pin To Net: NetName=NetDG4_1 Pin=U4-3
Added Net: Name=NetDG4_1
Added Member To Class: ClassName=Intelligent_Agriculture_Power Member=Component U1 RL-G3MC-202P-DC12
Added Member To Class: ClassName=Intelligent_Agriculture_Power Member=Component U2 RL-G3MC-202P-DC12
Added Member To Class: ClassName=Intelligent_Agriculture_Power Member=Component U3 RL-G3MC-202P-DC12
Added Member To Class: ClassName=Intelligent_Agriculture_Power Member=Component U4 RL-G3MC-202P-DC12
