Change Component DesignItemId : Designator=U0 Old DesignItemId=ACDC_12V10W New DesignItemId=ACDC_12V1
Change Component DesignItemId : Designator=Q1 Old DesignItemId=BCP68 New DesignItemId=BCP
Change Component DesignItemId : Designator=Q2 Old DesignItemId=BCP68 New DesignItemId=BCP
Change Component DesignItemId : Designator=Q3 Old DesignItemId=BCP68 New DesignItemId=BCP
Change Component DesignItemId : Designator=Q4 Old DesignItemId=BCP68 New DesignItemId=BCP
Change Component DesignItemId : Designator=C1 Old DesignItemId=Cap Pol1 New DesignItemId=Cap P
Change Component DesignItemId : Designator=D1 Old DesignItemId=Diode New DesignItemId=Dio
Change Component DesignItemId : Designator=D2 Old DesignItemId=Diode New DesignItemId=Dio
Change Component DesignItemId : Designator=D3 Old DesignItemId=Diode New DesignItemId=Dio
Change Component DesignItemId : Designator=D4 Old DesignItemId=Diode New DesignItemId=Dio
Change Component DesignItemId : Designator=F0 Old DesignItemId=Fuse 2 New DesignItemId=Fuse
Change Component DesignItemId : Designator=DG0 Old DesignItemId=Header 2 New DesignItemId=Header
Change Component DesignItemId : Designator=DG1 Old DesignItemId=Header 2 New DesignItemId=Header
Change Component DesignItemId : Designator=DG2 Old DesignItemId=Header 2 New DesignItemId=Header
Change Component DesignItemId : Designator=DG3 Old DesignItemId=Header 2 New DesignItemId=Header
Change Component DesignItemId : Designator=DG4 Old DesignItemId=Header 2 New DesignItemId=Header
Change Component DesignItemId : Designator=P1 Old DesignItemId=Header 2 New DesignItemId=Header
Change Component DesignItemId : Designator=SW0 Old DesignItemId=Header 2 New DesignItemId=Header
Change Component DesignItemId : Designator=P2 Old DesignItemId=Header 4 New DesignItemId=Header
Change Component DesignItemId : Designator=R8 Old DesignItemId=Res1 New DesignItemId=R
Change Component DesignItemId : Designator=R9 Old DesignItemId=Res1 New DesignItemId=R
Change Component DesignItemId : Designator=R11 Old DesignItemId=Res1 New DesignItemId=R
Change Component DesignItemId : Designator=R12 Old DesignItemId=Res1 New DesignItemId=R
Change Component DesignItemId : Designator=R14 Old DesignItemId=Res1 New DesignItemId=R
Change Component DesignItemId : Designator=R15 Old DesignItemId=Res1 New DesignItemId=R
Change Component DesignItemId : Designator=R17 Old DesignItemId=Res1 New DesignItemId=R
Change Component DesignItemId : Designator=R18 Old DesignItemId=Res1 New DesignItemId=R
Change Component DesignItemId : Designator=U1 Old DesignItemId=RL-G3MC-202P-DC5 New DesignItemId=RL-G3MC-202P
Change Component DesignItemId : Designator=U2 Old DesignItemId=RL-G3MC-202P-DC5 New DesignItemId=RL-G3MC-202P
Change Component DesignItemId : Designator=U3 Old DesignItemId=RL-G3MC-202P-DC5 New DesignItemId=RL-G3MC-202P
Change Component DesignItemId : Designator=U4 Old DesignItemId=RL-G3MC-202P-DC5 New DesignItemId=RL-G3MC-202P
Change Component DesignItemId : Designator=D0 Old DesignItemId=TVS New DesignItemId=TV
Change Component Footprint: Designator=R1 Old Footprint=14D471K New Footprint=0805-1
Change Component Footprint: Designator=F0 Old Footprint=FUSE T1A250V New Footprint=1812
Change Component Footprint: Designator=R0 Old Footprint=NTC 5D-9 New Footprint=0805-1
Change Component Description : Designator=Q1 Old Description=NPN三极 New Description=NPN三极管
Change Component Description : Designator=Q2 Old Description=NPN三极 New Description=NPN三极管
Change Component Description : Designator=Q3 Old Description=NPN三极 New Description=NPN三极管
Change Component Description : Designator=Q4 Old Description=NPN三极 New Description=NPN三极管
Change Component Description : Designator=C1 Old Description=电解? New Description=电解电容
Added Member To Class: ClassName=Intelligent_Agriculture_Power Member=Component U1 RL-G3MC-202P-DC12
Added Member To Class: ClassName=Intelligent_Agriculture_Power Member=Component U2 RL-G3MC-202P-DC12
Added Member To Class: ClassName=Intelligent_Agriculture_Power Member=Component U3 RL-G3MC-202P-DC12
Added Member To Class: ClassName=Intelligent_Agriculture_Power Member=Component U4 RL-G3MC-202P-DC12
Added Room: Name=Intelligent_Agriculture_Power
