Removed Pin From Net: NetName=DG11 Pin=DG2-1
Removed Pin From Net: NetName=DG13 Pin=DG2-3
Removed Pin From Net: NetName=DG11 Pin=DG3-1
Removed Pin From Net: NetName=DG13 Pin=DG3-3
Removed Pin From Net: NetName=DG11 Pin=DG4-1
Removed Pin From Net: NetName=DG13 Pin=DG4-3
Removed Pin From Net: NetName=DG11 Pin=SDR2-4
Removed Pin From Net: NetName=DG13 Pin=SDR2-5
Removed Pin From Net: NetName=DG11 Pin=SDR3-4
Removed Pin From Net: NetName=DG13 Pin=SDR3-5
Removed Pin From Net: NetName=DG11 Pin=SDR4-4
Removed Pin From Net: NetName=DG13 Pin=SDR4-5
Added Pin To Net: NetName=DG21 Pin=DG2-1
Added Pin To Net: NetName=DG21 Pin=SDR2-4
Added Net: Name=DG21
Added Pin To Net: NetName=DG23 Pin=DG2-3
Added Pin To Net: NetName=DG23 Pin=SDR2-5
Added Net: Name=DG23
Added Pin To Net: NetName=DG31 Pin=DG3-1
Added Pin To Net: NetName=DG31 Pin=SDR3-4
Added Net: Name=DG31
Added Pin To Net: NetName=DG32 Pin=DG3-2
Added Pin To Net: NetName=DG32 Pin=SDR3-3
Added Net: Name=DG32
Added Pin To Net: NetName=DG33 Pin=DG3-3
Added Pin To Net: NetName=DG33 Pin=SDR3-5
Added Net: Name=DG33
Added Pin To Net: NetName=DG41 Pin=DG4-1
Added Pin To Net: NetName=DG41 Pin=SDR4-4
Added Net: Name=DG41
Added Pin To Net: NetName=DG42 Pin=DG4-2
Added Pin To Net: NetName=DG42 Pin=SDR4-3
Added Net: Name=DG42
Added Pin To Net: NetName=DG43 Pin=DG4-3
Added Pin To Net: NetName=DG43 Pin=SDR4-5
Added Net: Name=DG43
Added Room: Name=Intelligent_Agriculture
