Removed Pin From Net: NetName=VCC3V3 Pin=P1-1
Removed Pin From Net: NetName=SWDIO Pin=P1-2
Removed Pin From Net: NetName=GND Pin=P1-4
Removed Pin From Net: NetName=BOOT0 Pin=R5-1
Removed Pin From Net: NetName=GND Pin=R6-2
Removed Member From Class: ClassName=Intelligent_Agriculture Member=R5
Removed Member From Class: ClassName=Intelligent_Agriculture Member=R6
Change Component DesignItemId : Designator=P1 Old DesignItemId=Header 4 New DesignItemId=Header 5
Change Component Footprint: Designator=P1 Old Footprint=HDR4X1_A New Footprint=HDR5_A1
Change Component Comment : Designator=P1 Old Comment=Header 4 New Comment=Header 5
Change Component Comment : Designator=Q6 Old Comment=S9013 New Comment=S8050
Added Pin To Net: NetName=GND Pin=C17-2
Added Pin To Net: NetName=GND Pin=C18-2
Added Pin To Net: NetName=BOOT0 Pin=JMP0-2
Added Pin To Net: NetName=GND Pin=P1-1
Added Pin To Net: NetName=SWDIO Pin=P1-5
Added Pin To Net: NetName=BOOT0 Pin=R7-1
Added Pin To Net: NetName=GND Pin=U1-20
Added Pin To Net: NetName=GND Pin=U4-2
Change Net Name : Old Net Name=GND New Net Name=BOOT1
