Added Component: Designator=C1_lcd(C-RAD-0805)
Added Component: Designator=C1(C-RAD-0805)
Added Component: Designator=C2_lcd(C-RAD-0805)
Added Component: Designator=C2(RB7.6-15)
Added Component: Designator=C3(CAP-3528)
Added Component: Designator=C4(C-RAD-0805)
Added Component: Designator=C5(C-RAD-0805)
Added Component: Designator=C6(CAP-3528)
Added Component: Designator=C7(C-RAD-0805)
Added Component: Designator=C8(C-RAD-0805)
Added Component: Designator=C9(C-RAD-0805)
Added Component: Designator=C10(C-RAD-0805)
Added Component: Designator=C11(C-RAD-0805)
Added Component: Designator=C12(C-RAD-0805)
Added Component: Designator=C13(C-RAD-0805)
Added Component: Designator=C14(C-RAD-0805)
Added Component: Designator=C15(C-RAD-0805)
Added Component: Designator=C16(C-RAD-0805)
Added Component: Designator=C17(CAP-3528)
Added Component: Designator=C18(C-RAD-0805)
Added Component: Designator=C19(C-RAD-0805)
Added Component: Designator=C20(C-RAD-0805)
Added Component: Designator=C21(C-RAD-0805)
Added Component: Designator=CON1(FPC0.5-20P-A)
Added Component: Designator=D01(DIODE-1206)
Added Component: Designator=D1(DIODE-1206)
Added Component: Designator=D02(DIODE-1206)
Added Component: Designator=D2(DIODE-1206)
Added Component: Designator=D3(DIODE-1206)
Added Component: Designator=D4(DIODE-1206)
Added Component: Designator=DG1(DG301-3P)
Added Component: Designator=DG2(DG301-3P)
Added Component: Designator=DG3(DG301-3P)
Added Component: Designator=DG4(DG301-3P)
Added Component: Designator=J0(DC-005)
Added Component: Designator=JMP0(HDR2X1_A)
Added Component: Designator=LED1(LED_A2)
Added Component: Designator=P1(HDR4X1_A)
Added Component: Designator=P2(HDR3X1_A)
Added Component: Designator=P3(HDR2X1_A)
Added Component: Designator=P4(HDR2X1_A)
Added Component: Designator=P5(HDR2X1_A)
Added Component: Designator=P6(HDR2X1_A)
Added Component: Designator=P7(HDR6X1_B2)
Added Component: Designator=Q1(SOT-23)
Added Component: Designator=Q2(SOT-23)
Added Component: Designator=Q3(SOT-23)
Added Component: Designator=Q4(SOT-23)
Added Component: Designator=Q6(SOT-23)
Added Component: Designator=R1(0603-1)
Added Component: Designator=R2(0603-1)
Added Component: Designator=R4(0603-1)
Added Component: Designator=R5(0603-1)
Added Component: Designator=R6(0603-1)
Added Component: Designator=R7(0603-1)
Added Component: Designator=R8(0603-1)
Added Component: Designator=R9(0603-1)
Added Component: Designator=R11(0603-1)
Added Component: Designator=R12(0603-1)
Added Component: Designator=R14(0603-1)
Added Component: Designator=R15(0603-1)
Added Component: Designator=R17(0603-1)
Added Component: Designator=R18(0603-1)
Added Component: Designator=R20(0603-1)
Added Component: Designator=R23(0603-1)
Added Component: Designator=R24(0603-1)
Added Component: Designator=R25(0603-1)
Added Component: Designator=R26(0603-1)
Added Component: Designator=R27(0603-1)
Added Component: Designator=R28(0603-1)
Added Component: Designator=R29(0603-1)
Added Component: Designator=R30(0603-1)
Added Component: Designator=R31(0603-1)
Added Component: Designator=S1(SW_PB4_A1)
Added Component: Designator=SDR1(SRD-05VDC)
Added Component: Designator=SDR2(SRD-05VDC)
Added Component: Designator=SDR3(SRD-05VDC)
Added Component: Designator=SDR4(SRD-05VDC)
Added Component: Designator=SW1(SWITCH_A2)
Added Component: Designator=U1(LQFP-48_M)
Added Component: Designator=U2(SOT-223)
Added Component: Designator=U3(TO-252)
Added Component: Designator=U4(HS0038B)
Added Component: Designator=U5(TO-92A)
Added Component: Designator=Y1(X-TC15)
Added Component: Designator=Y2(X-HC49U)
Added Pin To Net: NetName=BOOT0 Pin=R5-1
Added Pin To Net: NetName=BOOT0 Pin=U1-44
Added Net: Name=BOOT0
Added Pin To Net: NetName=BOOT1 Pin=R6-1
Added Pin To Net: NetName=BOOT1 Pin=U1-20
Added Net: Name=BOOT1
Added Pin To Net: NetName=DG11 Pin=DG1-1
Added Pin To Net: NetName=DG11 Pin=DG2-1
Added Pin To Net: NetName=DG11 Pin=DG3-1
Added Pin To Net: NetName=DG11 Pin=DG4-1
Added Pin To Net: NetName=DG11 Pin=SDR1-4
Added Pin To Net: NetName=DG11 Pin=SDR2-4
Added Pin To Net: NetName=DG11 Pin=SDR3-4
Added Pin To Net: NetName=DG11 Pin=SDR4-4
Added Net: Name=DG11
Added Pin To Net: NetName=DG12 Pin=DG3-2
Added Pin To Net: NetName=DG12 Pin=DG4-2
Added Pin To Net: NetName=DG12 Pin=SDR3-3
Added Pin To Net: NetName=DG12 Pin=SDR4-3
Added Net: Name=DG12
Added Pin To Net: NetName=DG13 Pin=DG1-3
Added Pin To Net: NetName=DG13 Pin=DG2-3
Added Pin To Net: NetName=DG13 Pin=DG3-3
Added Pin To Net: NetName=DG13 Pin=DG4-3
Added Pin To Net: NetName=DG13 Pin=SDR1-5
Added Pin To Net: NetName=DG13 Pin=SDR2-5
Added Pin To Net: NetName=DG13 Pin=SDR3-5
Added Pin To Net: NetName=DG13 Pin=SDR4-5
Added Net: Name=DG13
Added Pin To Net: NetName=GND Pin=C1-2
Added Pin To Net: NetName=GND Pin=C2-2
Added Pin To Net: NetName=GND Pin=C2_lcd-2
Added Pin To Net: NetName=GND Pin=C3-2
Added Pin To Net: NetName=GND Pin=C4-2
Added Pin To Net: NetName=GND Pin=C5-2
Added Pin To Net: NetName=GND Pin=C6-2
Added Pin To Net: NetName=GND Pin=C7-2
Added Pin To Net: NetName=GND Pin=C8-2
Added Pin To Net: NetName=GND Pin=C9-2
Added Pin To Net: NetName=GND Pin=C10-2
Added Pin To Net: NetName=GND Pin=C11-2
Added Pin To Net: NetName=GND Pin=C12-2
Added Pin To Net: NetName=GND Pin=C13-2
Added Pin To Net: NetName=GND Pin=C14-2
Added Pin To Net: NetName=GND Pin=C15-2
Added Pin To Net: NetName=GND Pin=C16-2
Added Pin To Net: NetName=GND Pin=C19-1
Added Pin To Net: NetName=GND Pin=C20-1
Added Pin To Net: NetName=GND Pin=C21-1
Added Pin To Net: NetName=GND Pin=CON1-15
Added Pin To Net: NetName=GND Pin=CON1-20
Added Pin To Net: NetName=GND Pin=J0-2
Added Pin To Net: NetName=GND Pin=J0-3
Added Pin To Net: NetName=GND Pin=LED1-2
Added Pin To Net: NetName=GND Pin=P1-4
Added Pin To Net: NetName=GND Pin=P2-1
Added Pin To Net: NetName=GND Pin=P3-1
Added Pin To Net: NetName=GND Pin=P4-1
Added Pin To Net: NetName=GND Pin=P5-1
Added Pin To Net: NetName=GND Pin=Q1-2
Added Pin To Net: NetName=GND Pin=Q2-2
Added Pin To Net: NetName=GND Pin=Q3-2
Added Pin To Net: NetName=GND Pin=Q4-2
Added Pin To Net: NetName=GND Pin=Q6-2
Added Pin To Net: NetName=GND Pin=R6-2
Added Pin To Net: NetName=GND Pin=R7-2
Added Pin To Net: NetName=GND Pin=R9-2
Added Pin To Net: NetName=GND Pin=R12-2
Added Pin To Net: NetName=GND Pin=R15-2
Added Pin To Net: NetName=GND Pin=R18-2
Added Pin To Net: NetName=GND Pin=R31-2
Added Pin To Net: NetName=GND Pin=S1-1
Added Pin To Net: NetName=GND Pin=S1-4
Added Pin To Net: NetName=GND Pin=U1-8
Added Pin To Net: NetName=GND Pin=U1-23
Added Pin To Net: NetName=GND Pin=U1-35
Added Pin To Net: NetName=GND Pin=U1-47
Added Pin To Net: NetName=GND Pin=U2-1
Added Pin To Net: NetName=GND Pin=U3-2
Added Pin To Net: NetName=GND Pin=U3-4
Added Pin To Net: NetName=GND Pin=U5-1
Added Net: Name=GND
Added Pin To Net: NetName=KEY_I1 Pin=P7-1
Added Pin To Net: NetName=KEY_I1 Pin=U1-26
Added Net: Name=KEY_I1
Added Pin To Net: NetName=KEY_I2 Pin=P7-2
Added Pin To Net: NetName=KEY_I2 Pin=U1-27
Added Net: Name=KEY_I2
Added Pin To Net: NetName=KEY_I3 Pin=P7-3
Added Pin To Net: NetName=KEY_I3 Pin=U1-28
Added Net: Name=KEY_I3
Added Pin To Net: NetName=KEY_O1 Pin=P7-4
Added Pin To Net: NetName=KEY_O1 Pin=U1-39
Added Net: Name=KEY_O1
Added Pin To Net: NetName=KEY_O2 Pin=P7-5
Added Pin To Net: NetName=KEY_O2 Pin=U1-40
Added Net: Name=KEY_O2
Added Pin To Net: NetName=KEY_O3 Pin=P7-6
Added Pin To Net: NetName=KEY_O3 Pin=U1-41
Added Net: Name=KEY_O3
Added Pin To Net: NetName=LCD_CS Pin=CON1-1
Added Pin To Net: NetName=LCD_CS Pin=U1-13
Added Net: Name=LCD_CS
Added Pin To Net: NetName=LCD_LED Pin=R28-2
Added Pin To Net: NetName=LCD_LED Pin=U1-18
Added Net: Name=LCD_LED
Added Pin To Net: NetName=LCD_RS Pin=CON1-3
Added Pin To Net: NetName=LCD_RS Pin=U1-15
Added Net: Name=LCD_RS
Added Pin To Net: NetName=LCD_RST Pin=CON1-2
Added Pin To Net: NetName=LCD_RST Pin=U1-14
Added Net: Name=LCD_RST
Added Pin To Net: NetName=LCD_SCK Pin=CON1-12
Added Pin To Net: NetName=LCD_SCK Pin=U1-16
Added Net: Name=LCD_SCK
Added Pin To Net: NetName=LCD_SDA Pin=CON1-13
Added Pin To Net: NetName=LCD_SDA Pin=U1-17
Added Net: Name=LCD_SDA
Added Pin To Net: NetName=NetC1_lcd_1 Pin=C1_lcd-1
Added Pin To Net: NetName=NetC1_lcd_1 Pin=CON1-16
Added Net: Name=NetC1_lcd_1
Added Pin To Net: NetName=NetC1_lcd_2 Pin=C1_lcd-2
Added Pin To Net: NetName=NetC1_lcd_2 Pin=CON1-17
Added Net: Name=NetC1_lcd_2
Added Pin To Net: NetName=NetC2_lcd_1 Pin=C2_lcd-1
Added Pin To Net: NetName=NetC2_lcd_1 Pin=CON1-18
Added Net: Name=NetC2_lcd_1
Added Pin To Net: NetName=NetC17_1 Pin=C17-1
Added Pin To Net: NetName=NetC17_1 Pin=C18-1
Added Pin To Net: NetName=NetC17_1 Pin=R23-2
Added Pin To Net: NetName=NetC17_1 Pin=U4-3
Added Net: Name=NetC17_1
Added Pin To Net: NetName=NetC17_2 Pin=C17-2
Added Pin To Net: NetName=NetC17_2 Pin=C18-2
Added Pin To Net: NetName=NetC17_2 Pin=U4-2
Added Net: Name=NetC17_2
Added Pin To Net: NetName=NetD1_1 Pin=D1-1
Added Pin To Net: NetName=NetD1_1 Pin=Q1-3
Added Pin To Net: NetName=NetD1_1 Pin=SDR1-2
Added Net: Name=NetD1_1
Added Pin To Net: NetName=NetD2_1 Pin=D2-1
Added Pin To Net: NetName=NetD2_1 Pin=Q2-3
Added Pin To Net: NetName=NetD2_1 Pin=SDR2-2
Added Net: Name=NetD2_1
Added Pin To Net: NetName=NetD3_1 Pin=D3-1
Added Pin To Net: NetName=NetD3_1 Pin=Q3-3
Added Pin To Net: NetName=NetD3_1 Pin=SDR3-2
Added Net: Name=NetD3_1
Added Pin To Net: NetName=NetD4_1 Pin=D4-1
Added Pin To Net: NetName=NetD4_1 Pin=Q4-3
Added Pin To Net: NetName=NetD4_1 Pin=SDR4-2
Added Net: Name=NetD4_1
Added Pin To Net: NetName=NetJ0_1 Pin=J0-1
Added Pin To Net: NetName=NetJ0_1 Pin=SW1-2
Added Net: Name=NetJ0_1
Added Pin To Net: NetName=NetJMP0_2 Pin=JMP0-2
Added Pin To Net: NetName=NetJMP0_2 Pin=R5-2
Added Pin To Net: NetName=NetJMP0_2 Pin=R7-1
Added Net: Name=NetJMP0_2
Added Pin To Net: NetName=NetLED1_1 Pin=LED1-1
Added Pin To Net: NetName=NetLED1_1 Pin=R2-2
Added Net: Name=NetLED1_1
Added Pin To Net: NetName=NetP6_1 Pin=P6-1
Added Pin To Net: NetName=NetP6_1 Pin=R29-1
Added Net: Name=NetP6_1
Added Pin To Net: NetName=NetP6_2 Pin=P6-2
Added Pin To Net: NetName=NetP6_2 Pin=Q6-3
Added Net: Name=NetP6_2
Added Pin To Net: NetName=NetQ1_1 Pin=Q1-1
Added Pin To Net: NetName=NetQ1_1 Pin=R8-1
Added Net: Name=NetQ1_1
Added Pin To Net: NetName=NetQ2_1 Pin=Q2-1
Added Pin To Net: NetName=NetQ2_1 Pin=R11-1
Added Net: Name=NetQ2_1
Added Pin To Net: NetName=NetQ3_1 Pin=Q3-1
Added Pin To Net: NetName=NetQ3_1 Pin=R14-1
Added Net: Name=NetQ3_1
Added Pin To Net: NetName=NetQ4_1 Pin=Q4-1
Added Pin To Net: NetName=NetQ4_1 Pin=R17-1
Added Net: Name=NetQ4_1
Added Pin To Net: NetName=NetQ6_1 Pin=Q6-1
Added Pin To Net: NetName=NetQ6_1 Pin=R28-1
Added Net: Name=NetQ6_1
Added Pin To Net: NetName=NRST Pin=C8-1
Added Pin To Net: NetName=NRST Pin=R1-1
Added Pin To Net: NetName=NRST Pin=S1-2
Added Pin To Net: NetName=NRST Pin=S1-3
Added Pin To Net: NetName=NRST Pin=U1-7
Added Net: Name=NRST
Added Pin To Net: NetName=OSC32_IN Pin=C9-1
Added Pin To Net: NetName=OSC32_IN Pin=U1-3
Added Pin To Net: NetName=OSC32_IN Pin=Y1-1
Added Net: Name=OSC32_IN
Added Pin To Net: NetName=OSC32_OUT Pin=C10-1
Added Pin To Net: NetName=OSC32_OUT Pin=U1-4
Added Pin To Net: NetName=OSC32_OUT Pin=Y1-2
Added Net: Name=OSC32_OUT
Added Pin To Net: NetName=OSC_IN Pin=C11-1
Added Pin To Net: NetName=OSC_IN Pin=R4-2
Added Pin To Net: NetName=OSC_IN Pin=U1-5
Added Pin To Net: NetName=OSC_IN Pin=Y2-2
Added Net: Name=OSC_IN
Added Pin To Net: NetName=OSC_OUT Pin=C12-1
Added Pin To Net: NetName=OSC_OUT Pin=R4-1
Added Pin To Net: NetName=OSC_OUT Pin=U1-6
Added Pin To Net: NetName=OSC_OUT Pin=Y2-1
Added Net: Name=OSC_OUT
Added Pin To Net: NetName=PA0 Pin=C19-2
Added Pin To Net: NetName=PA0 Pin=P3-2
Added Pin To Net: NetName=PA0 Pin=R26-1
Added Pin To Net: NetName=PA0 Pin=U1-10
Added Net: Name=PA0
Added Pin To Net: NetName=PA1 Pin=C20-2
Added Pin To Net: NetName=PA1 Pin=P4-2
Added Pin To Net: NetName=PA1 Pin=R27-1
Added Pin To Net: NetName=PA1 Pin=U1-11
Added Net: Name=PA1
Added Pin To Net: NetName=PA2 Pin=C21-2
Added Pin To Net: NetName=PA2 Pin=P5-2
Added Pin To Net: NetName=PA2 Pin=R20-1
Added Pin To Net: NetName=PA2 Pin=U1-12
Added Net: Name=PA2
Added Pin To Net: NetName=RELAY1 Pin=R8-2
Added Pin To Net: NetName=RELAY1 Pin=R9-1
Added Pin To Net: NetName=RELAY1 Pin=U1-32
Added Net: Name=RELAY1
Added Pin To Net: NetName=RELAY2 Pin=R11-2
Added Pin To Net: NetName=RELAY2 Pin=R12-1
Added Pin To Net: NetName=RELAY2 Pin=U1-33
Added Net: Name=RELAY2
Added Pin To Net: NetName=RELAY3 Pin=R14-2
Added Pin To Net: NetName=RELAY3 Pin=R15-1
Added Pin To Net: NetName=RELAY3 Pin=U1-42
Added Net: Name=RELAY3
Added Pin To Net: NetName=RELAY4 Pin=R17-2
Added Pin To Net: NetName=RELAY4 Pin=R18-1
Added Pin To Net: NetName=RELAY4 Pin=U1-43
Added Net: Name=RELAY4
Added Pin To Net: NetName=REMOTE Pin=R24-2
Added Pin To Net: NetName=REMOTE Pin=U1-46
Added Pin To Net: NetName=REMOTE Pin=U4-1
Added Net: Name=REMOTE
Added Pin To Net: NetName=RX1 Pin=P2-3
Added Pin To Net: NetName=RX1 Pin=U1-31
Added Net: Name=RX1
Added Pin To Net: NetName=SWCLK Pin=P1-3
Added Pin To Net: NetName=SWCLK Pin=R31-1
Added Pin To Net: NetName=SWCLK Pin=U1-37
Added Net: Name=SWCLK
Added Pin To Net: NetName=SWDIO Pin=P1-2
Added Pin To Net: NetName=SWDIO Pin=R30-1
Added Pin To Net: NetName=SWDIO Pin=U1-34
Added Net: Name=SWDIO
Added Pin To Net: NetName=TEMPER Pin=R25-1
Added Pin To Net: NetName=TEMPER Pin=U1-25
Added Pin To Net: NetName=TEMPER Pin=U5-2
Added Net: Name=TEMPER
Added Pin To Net: NetName=TX1 Pin=P2-2
Added Pin To Net: NetName=TX1 Pin=U1-30
Added Net: Name=TX1
Added Pin To Net: NetName=VCC3V3 Pin=C6-1
Added Pin To Net: NetName=VCC3V3 Pin=C7-1
Added Pin To Net: NetName=VCC3V3 Pin=C13-1
Added Pin To Net: NetName=VCC3V3 Pin=C14-1
Added Pin To Net: NetName=VCC3V3 Pin=C15-1
Added Pin To Net: NetName=VCC3V3 Pin=C16-1
Added Pin To Net: NetName=VCC3V3 Pin=CON1-14
Added Pin To Net: NetName=VCC3V3 Pin=CON1-19
Added Pin To Net: NetName=VCC3V3 Pin=D02-1
Added Pin To Net: NetName=VCC3V3 Pin=JMP0-1
Added Pin To Net: NetName=VCC3V3 Pin=P1-1
Added Pin To Net: NetName=VCC3V3 Pin=R1-2
Added Pin To Net: NetName=VCC3V3 Pin=R2-1
Added Pin To Net: NetName=VCC3V3 Pin=R20-2
Added Pin To Net: NetName=VCC3V3 Pin=R23-1
Added Pin To Net: NetName=VCC3V3 Pin=R24-1
Added Pin To Net: NetName=VCC3V3 Pin=R25-2
Added Pin To Net: NetName=VCC3V3 Pin=R26-2
Added Pin To Net: NetName=VCC3V3 Pin=R27-2
Added Pin To Net: NetName=VCC3V3 Pin=R29-2
Added Pin To Net: NetName=VCC3V3 Pin=R30-2
Added Pin To Net: NetName=VCC3V3 Pin=U1-9
Added Pin To Net: NetName=VCC3V3 Pin=U1-24
Added Pin To Net: NetName=VCC3V3 Pin=U1-36
Added Pin To Net: NetName=VCC3V3 Pin=U1-48
Added Pin To Net: NetName=VCC3V3 Pin=U2-2
Added Pin To Net: NetName=VCC3V3 Pin=U2-4
Added Pin To Net: NetName=VCC3V3 Pin=U5-3
Added Net: Name=VCC3V3
Added Pin To Net: NetName=VCC5V Pin=C3-1
Added Pin To Net: NetName=VCC5V Pin=C4-1
Added Pin To Net: NetName=VCC5V Pin=C5-1
Added Pin To Net: NetName=VCC5V Pin=D01-1
Added Pin To Net: NetName=VCC5V Pin=D02-2
Added Pin To Net: NetName=VCC5V Pin=U2-3
Added Pin To Net: NetName=VCC5V Pin=U3-3
Added Net: Name=VCC5V
Added Pin To Net: NetName=VCC12V Pin=C1-1
Added Pin To Net: NetName=VCC12V Pin=C2-1
Added Pin To Net: NetName=VCC12V Pin=D01-2
Added Pin To Net: NetName=VCC12V Pin=D1-2
Added Pin To Net: NetName=VCC12V Pin=D2-2
Added Pin To Net: NetName=VCC12V Pin=D3-2
Added Pin To Net: NetName=VCC12V Pin=D4-2
Added Pin To Net: NetName=VCC12V Pin=DG1-2
Added Pin To Net: NetName=VCC12V Pin=DG2-2
Added Pin To Net: NetName=VCC12V Pin=SDR1-1
Added Pin To Net: NetName=VCC12V Pin=SDR1-3
Added Pin To Net: NetName=VCC12V Pin=SDR2-1
Added Pin To Net: NetName=VCC12V Pin=SDR2-3
Added Pin To Net: NetName=VCC12V Pin=SDR3-1
Added Pin To Net: NetName=VCC12V Pin=SDR4-1
Added Pin To Net: NetName=VCC12V Pin=SW1-3
Added Pin To Net: NetName=VCC12V Pin=U3-1
Added Net: Name=VCC12V
Added Class: Name=Intelligent_Agriculture
Added Room: Name=Intelligent_Agriculture
