Removed Pin From Net: NetName=DG3OUTA Pin=D3-2
Removed Pin From Net: NetName=DG3OUTA Pin=D4-2
Change Net Name : Old Net Name=DG3OUTA New Net Name=VCC12V
Added Pin To Net: NetName=DG3IN Pin=D3-2
Added Pin To Net: NetName=DG3IN Pin=P9-1
Added Pin To Net: NetName=DG3IN Pin=SDR3-1
Added Net: Name=DG3IN
Added Pin To Net: NetName=DG3OUT Pin=D3-1
Added Pin To Net: NetName=DG3OUT Pin=P9-2
Added Pin To Net: NetName=DG3OUT Pin=SDR3-2
Added Net: Name=DG3OUT
Added Pin To Net: NetName=DG4IN Pin=D4-2
Added Pin To Net: NetName=DG4IN Pin=P11-1
Added Pin To Net: NetName=DG4IN Pin=SDR4-1
Added Net: Name=DG4IN
Added Pin To Net: NetName=DG4OUT Pin=D4-1
Added Pin To Net: NetName=DG4OUT Pin=P11-2
Added Pin To Net: NetName=DG4OUT Pin=SDR4-2
Added Net: Name=DG4OUT
Added Pin To Net: NetName=NetP8_2 Pin=P8-2
Added Pin To Net: NetName=NetP8_2 Pin=Q3-3
Added Net: Name=NetP8_2
Added Pin To Net: NetName=NetP10_2 Pin=P10-2
Added Pin To Net: NetName=NetP10_2 Pin=Q4-3
Added Net: Name=NetP10_2
